<?xml version="1.0" encoding="UTF-8"?>
<coverage generated="1751596004994" clover="3.2.0">
  <project timestamp="1751596004994" name="All files">
    <metrics statements="318" coveredstatements="66" conditionals="137" coveredconditionals="8" methods="38" coveredmethods="3" elements="493" coveredelements="77" complexity="0" loc="318" ncloc="318" packages="1" files="1" classes="1"/>
    <file name="controllers.js" path="/Users/davidnguyen/WebstormProjects/DocuThinker-AI-App/backend/controllers/controllers.js">
      <metrics statements="318" coveredstatements="66" conditionals="137" coveredconditionals="8" methods="38" coveredmethods="3"/>
      <line num="18" count="3" type="stmt"/>
      <line num="19" count="3" type="stmt"/>
      <line num="20" count="3" type="stmt"/>
      <line num="21" count="3" type="stmt"/>
      <line num="22" count="3" type="stmt"/>
      <line num="51" count="3" type="stmt"/>
      <line num="52" count="2" type="stmt"/>
      <line num="53" count="2" type="stmt"/>
      <line num="54" count="2" type="stmt"/>
      <line num="55" count="1" type="stmt"/>
      <line num="57" count="1" type="stmt"/>
      <line num="60" count="1" type="stmt"/>
      <line num="66" count="1" type="stmt"/>
      <line num="67" count="1" type="stmt"/>
      <line num="71" count="1" type="stmt"/>
      <line num="72" count="1" type="stmt"/>
      <line num="103" count="3" type="stmt"/>
      <line num="104" count="2" type="stmt"/>
      <line num="105" count="2" type="stmt"/>
      <line num="106" count="2" type="stmt"/>
      <line num="107" count="1" type="stmt"/>
      <line num="109" count="1" type="stmt"/>
      <line num="114" count="1" type="stmt"/>
      <line num="154" count="3" type="stmt"/>
      <line num="155" count="3" type="stmt"/>
      <line num="157" count="3" type="stmt"/>
      <line num="158" count="3" type="cond" truecount="4" falsecount="0"/>
      <line num="159" count="1" type="stmt"/>
      <line num="167" count="2" type="stmt"/>
      <line num="170" count="2" type="cond" truecount="1" falsecount="1"/>
      <line num="171" count="2" type="cond" truecount="1" falsecount="1"/>
      <line num="172" count="2" type="stmt"/>
      <line num="173" count="2" type="stmt"/>
      <line num="174" count="2" type="cond" truecount="2" falsecount="0"/>
      <line num="175" count="1" type="stmt"/>
      <line num="179" count="1" type="stmt"/>
      <line num="182" count="1" type="stmt"/>
      <line num="193" count="1" type="stmt"/>
      <line num="198" count="0" type="stmt"/>
      <line num="240" count="3" type="stmt"/>
      <line num="241" count="0" type="stmt"/>
      <line num="242" count="0" type="stmt"/>
      <line num="243" count="0" type="cond" truecount="0" falsecount="2"/>
      <line num="244" count="0" type="stmt"/>
      <line num="245" count="0" type="cond" truecount="0" falsecount="2"/>
      <line num="246" count="0" type="stmt"/>
      <line num="250" count="0" type="cond" truecount="0" falsecount="2"/>
      <line num="252" count="0" type="stmt"/>
      <line num="254" count="0" type="stmt"/>
      <line num="258" count="0" type="stmt"/>
      <line num="262" count="0" type="stmt"/>
      <line num="290" count="3" type="stmt"/>
      <line num="291" count="0" type="stmt"/>
      <line num="292" count="0" type="stmt"/>
      <line num="293" count="0" type="stmt"/>
      <line num="294" count="0" type="stmt"/>
      <line num="296" count="0" type="stmt"/>
      <line num="323" count="3" type="stmt"/>
      <line num="324" count="0" type="stmt"/>
      <line num="325" count="0" type="stmt"/>
      <line num="326" count="0" type="stmt"/>
      <line num="327" count="0" type="stmt"/>
      <line num="331" count="0" type="stmt"/>
      <line num="367" count="3" type="stmt"/>
      <line num="368" count="0" type="stmt"/>
      <line num="371" count="0" type="cond" truecount="0" falsecount="2"/>
      <line num="372" count="0" type="stmt"/>
      <line num="375" count="0" type="cond" truecount="0" falsecount="4"/>
      <line num="376" count="0" type="stmt"/>
      <line num="381" count="0" type="stmt"/>
      <line num="382" count="0" type="stmt"/>
      <line num="383" count="0" type="stmt"/>
      <line num="384" count="0" type="stmt"/>
      <line num="385" count="0" type="stmt"/>
      <line num="387" count="0" type="stmt"/>
      <line num="388" count="0" type="stmt"/>
      <line num="424" count="3" type="stmt"/>
      <line num="425" count="0" type="stmt"/>
      <line num="427" count="0" type="cond" truecount="0" falsecount="4"/>
      <line num="428" count="0" type="stmt"/>
      <line num="433" count="0" type="stmt"/>
      <line num="434" count="0" type="stmt"/>
      <line num="435" count="0" type="stmt"/>
      <line num="437" count="0" type="stmt"/>
      <line num="467" count="3" type="stmt"/>
      <line num="468" count="0" type="stmt"/>
      <line num="470" count="0" type="cond" truecount="0" falsecount="2"/>
      <line num="471" count="0" type="stmt"/>
      <line num="474" count="0" type="stmt"/>
      <line num="475" count="0" type="stmt"/>
      <line num="476" count="0" type="stmt"/>
      <line num="478" count="0" type="stmt"/>
      <line num="505" count="3" type="stmt"/>
      <line num="506" count="0" type="stmt"/>
      <line num="508" count="0" type="stmt"/>
      <line num="509" count="0" type="stmt"/>
      <line num="510" count="0" type="cond" truecount="0" falsecount="2"/>
      <line num="511" count="0" type="stmt"/>
      <line num="514" count="0" type="stmt"/>
      <line num="515" count="0" type="cond" truecount="0" falsecount="2"/>
      <line num="516" count="0" type="stmt"/>
      <line num="518" count="0" type="stmt"/>
      <line num="551" count="3" type="stmt"/>
      <line num="552" count="0" type="stmt"/>
      <line num="554" count="0" type="stmt"/>
      <line num="555" count="0" type="stmt"/>
      <line num="556" count="0" type="cond" truecount="0" falsecount="2"/>
      <line num="557" count="0" type="stmt"/>
      <line num="560" count="0" type="stmt"/>
      <line num="561" count="0" type="stmt"/>
      <line num="563" count="0" type="cond" truecount="0" falsecount="2"/>
      <line num="564" count="0" type="stmt"/>
      <line num="567" count="0" type="stmt"/>
      <line num="569" count="0" type="stmt"/>
      <line num="602" count="3" type="stmt"/>
      <line num="603" count="0" type="stmt"/>
      <line num="605" count="0" type="stmt"/>
      <line num="606" count="0" type="stmt"/>
      <line num="607" count="0" type="cond" truecount="0" falsecount="2"/>
      <line num="608" count="0" type="stmt"/>
      <line num="611" count="0" type="stmt"/>
      <line num="612" count="0" type="stmt"/>
      <line num="614" count="0" type="cond" truecount="0" falsecount="2"/>
      <line num="615" count="0" type="stmt"/>
      <line num="618" count="0" type="stmt"/>
      <line num="619" count="0" type="stmt"/>
      <line num="625" count="0" type="stmt"/>
      <line num="679" count="3" type="stmt"/>
      <line num="680" count="0" type="stmt"/>
      <line num="681" count="0" type="stmt"/>
      <line num="683" count="0" type="stmt"/>
      <line num="684" count="0" type="stmt"/>
      <line num="685" count="0" type="cond" truecount="0" falsecount="2"/>
      <line num="686" count="0" type="stmt"/>
      <line num="689" count="0" type="stmt"/>
      <line num="690" count="0" type="cond" truecount="0" falsecount="2"/>
      <line num="693" count="0" type="stmt"/>
      <line num="695" count="0" type="cond" truecount="0" falsecount="2"/>
      <line num="698" count="0" type="cond" truecount="0" falsecount="2"/>
      <line num="701" count="0" type="stmt"/>
      <line num="704" count="0" type="cond" truecount="0" falsecount="2"/>
      <line num="705" count="0" type="stmt"/>
      <line num="709" count="0" type="stmt"/>
      <line num="718" count="0" type="stmt"/>
      <line num="720" count="0" type="stmt"/>
      <line num="753" count="3" type="stmt"/>
      <line num="754" count="0" type="stmt"/>
      <line num="756" count="0" type="stmt"/>
      <line num="757" count="0" type="stmt"/>
      <line num="758" count="0" type="cond" truecount="0" falsecount="2"/>
      <line num="759" count="0" type="stmt"/>
      <line num="762" count="0" type="stmt"/>
      <line num="763" count="0" type="stmt"/>
      <line num="764" count="0" type="stmt"/>
      <line num="767" count="0" type="stmt"/>
      <line num="771" count="0" type="stmt"/>
      <line num="773" count="0" type="stmt"/>
      <line num="798" count="3" type="stmt"/>
      <line num="799" count="0" type="stmt"/>
      <line num="801" count="0" type="stmt"/>
      <line num="802" count="0" type="stmt"/>
      <line num="806" count="0" type="stmt"/>
      <line num="808" count="0" type="stmt"/>
      <line num="842" count="3" type="stmt"/>
      <line num="843" count="0" type="stmt"/>
      <line num="845" count="0" type="stmt"/>
      <line num="847" count="0" type="stmt"/>
      <line num="852" count="0" type="stmt"/>
      <line num="854" count="0" type="stmt"/>
      <line num="858" count="0" type="stmt"/>
      <line num="892" count="3" type="stmt"/>
      <line num="893" count="0" type="stmt"/>
      <line num="895" count="0" type="stmt"/>
      <line num="897" count="0" type="stmt"/>
      <line num="899" count="0" type="stmt"/>
      <line num="901" count="0" type="stmt"/>
      <line num="928" count="3" type="stmt"/>
      <line num="929" count="0" type="stmt"/>
      <line num="931" count="0" type="stmt"/>
      <line num="932" count="0" type="stmt"/>
      <line num="933" count="0" type="cond" truecount="0" falsecount="2"/>
      <line num="934" count="0" type="stmt"/>
      <line num="937" count="0" type="stmt"/>
      <line num="938" count="0" type="stmt"/>
      <line num="939" count="0" type="stmt"/>
      <line num="942" count="0" type="stmt"/>
      <line num="943" count="0" type="stmt"/>
      <line num="945" count="0" type="stmt"/>
      <line num="949" count="0" type="stmt"/>
      <line num="982" count="3" type="stmt"/>
      <line num="983" count="0" type="stmt"/>
      <line num="985" count="0" type="stmt"/>
      <line num="986" count="0" type="stmt"/>
      <line num="987" count="0" type="cond" truecount="0" falsecount="2"/>
      <line num="988" count="0" type="stmt"/>
      <line num="991" count="0" type="stmt"/>
      <line num="992" count="0" type="stmt"/>
      <line num="994" count="0" type="stmt"/>
      <line num="998" count="0" type="stmt"/>
      <line num="1030" count="3" type="stmt"/>
      <line num="1031" count="0" type="stmt"/>
      <line num="1033" count="0" type="stmt"/>
      <line num="1034" count="0" type="stmt"/>
      <line num="1035" count="0" type="cond" truecount="0" falsecount="2"/>
      <line num="1036" count="0" type="stmt"/>
      <line num="1039" count="0" type="stmt"/>
      <line num="1040" count="0" type="stmt"/>
      <line num="1044" count="0" type="stmt"/>
      <line num="1084" count="3" type="stmt"/>
      <line num="1085" count="0" type="stmt"/>
      <line num="1087" count="0" type="stmt"/>
      <line num="1088" count="0" type="stmt"/>
      <line num="1089" count="0" type="cond" truecount="0" falsecount="2"/>
      <line num="1090" count="0" type="stmt"/>
      <line num="1093" count="0" type="stmt"/>
      <line num="1094" count="0" type="stmt"/>
      <line num="1095" count="0" type="stmt"/>
      <line num="1098" count="0" type="cond" truecount="0" falsecount="2"/>
      <line num="1099" count="0" type="stmt"/>
      <line num="1103" count="0" type="stmt"/>
      <line num="1106" count="0" type="stmt"/>
      <line num="1110" count="0" type="stmt"/>
      <line num="1112" count="0" type="stmt"/>
      <line num="1156" count="3" type="stmt"/>
      <line num="1157" count="0" type="stmt"/>
      <line num="1159" count="0" type="stmt"/>
      <line num="1161" count="0" type="stmt"/>
      <line num="1164" count="0" type="cond" truecount="0" falsecount="2"/>
      <line num="1165" count="0" type="stmt"/>
      <line num="1169" count="0" type="stmt"/>
      <line num="1170" count="0" type="stmt"/>
      <line num="1173" count="0" type="cond" truecount="0" falsecount="2"/>
      <line num="1174" count="0" type="stmt"/>
      <line num="1178" count="0" type="stmt"/>
      <line num="1181" count="0" type="stmt"/>
      <line num="1222" count="3" type="stmt"/>
      <line num="1223" count="0" type="stmt"/>
      <line num="1225" count="0" type="cond" truecount="0" falsecount="4"/>
      <line num="1226" count="0" type="stmt"/>
      <line num="1230" count="0" type="cond" truecount="0" falsecount="4"/>
      <line num="1231" count="0" type="stmt"/>
      <line num="1238" count="0" type="stmt"/>
      <line num="1239" count="0" type="stmt"/>
      <line num="1240" count="0" type="cond" truecount="0" falsecount="2"/>
      <line num="1241" count="0" type="stmt"/>
      <line num="1245" count="0" type="stmt"/>
      <line num="1247" count="0" type="stmt"/>
      <line num="1249" count="0" type="stmt"/>
      <line num="1292" count="3" type="stmt"/>
      <line num="1293" count="0" type="stmt"/>
      <line num="1295" count="0" type="stmt"/>
      <line num="1296" count="0" type="stmt"/>
      <line num="1298" count="0" type="cond" truecount="0" falsecount="2"/>
      <line num="1299" count="0" type="stmt"/>
      <line num="1302" count="0" type="stmt"/>
      <line num="1303" count="0" type="cond" truecount="0" falsecount="2"/>
      <line num="1310" count="0" type="stmt"/>
      <line num="1314" count="0" type="stmt"/>
      <line num="1359" count="3" type="stmt"/>
      <line num="1360" count="0" type="stmt"/>
      <line num="1362" count="0" type="stmt"/>
      <line num="1363" count="0" type="stmt"/>
      <line num="1364" count="0" type="stmt"/>
      <line num="1366" count="0" type="cond" truecount="0" falsecount="2"/>
      <line num="1367" count="0" type="stmt"/>
      <line num="1371" count="0" type="cond" truecount="0" falsecount="2"/>
      <line num="1374" count="0" type="stmt"/>
      <line num="1383" count="0" type="stmt"/>
      <line num="1385" count="0" type="stmt"/>
      <line num="1387" count="0" type="stmt"/>
      <line num="1435" count="3" type="stmt"/>
      <line num="1436" count="0" type="stmt"/>
      <line num="1437" count="0" type="stmt"/>
      <line num="1439" count="0" type="cond" truecount="0" falsecount="2"/>
      <line num="1444" count="0" type="stmt"/>
      <line num="1447" count="0" type="stmt"/>
      <line num="1449" count="0" type="stmt"/>
      <line num="1454" count="0" type="stmt"/>
      <line num="1494" count="3" type="stmt"/>
      <line num="1495" count="0" type="stmt"/>
      <line num="1496" count="0" type="stmt"/>
      <line num="1498" count="0" type="cond" truecount="0" falsecount="2"/>
      <line num="1503" count="0" type="stmt"/>
      <line num="1506" count="0" type="stmt"/>
      <line num="1508" count="0" type="stmt"/>
      <line num="1510" count="0" type="stmt"/>
      <line num="1554" count="3" type="stmt"/>
      <line num="1555" count="0" type="stmt"/>
      <line num="1556" count="0" type="stmt"/>
      <line num="1558" count="0" type="cond" truecount="0" falsecount="2"/>
      <line num="1566" count="0" type="stmt"/>
      <line num="1571" count="0" type="stmt"/>
      <line num="1576" count="0" type="stmt"/>
      <line num="1578" count="0" type="stmt"/>
      <line num="1622" count="3" type="stmt"/>
      <line num="1623" count="0" type="stmt"/>
      <line num="1624" count="0" type="stmt"/>
      <line num="1626" count="0" type="cond" truecount="0" falsecount="2"/>
      <line num="1634" count="0" type="stmt"/>
      <line num="1637" count="0" type="stmt"/>
      <line num="1639" count="0" type="stmt"/>
      <line num="1641" count="0" type="stmt"/>
      <line num="1681" count="3" type="stmt"/>
      <line num="1682" count="0" type="stmt"/>
      <line num="1683" count="0" type="stmt"/>
      <line num="1685" count="0" type="cond" truecount="0" falsecount="2"/>
      <line num="1690" count="0" type="stmt"/>
      <line num="1694" count="0" type="stmt"/>
      <line num="1696" count="0" type="stmt"/>
      <line num="1698" count="0" type="stmt"/>
      <line num="1742" count="3" type="stmt"/>
      <line num="1743" count="0" type="stmt"/>
      <line num="1744" count="0" type="stmt"/>
      <line num="1747" count="0" type="cond" truecount="0" falsecount="2"/>
      <line num="1755" count="0" type="stmt"/>
      <line num="1761" count="0" type="stmt"/>
      <line num="1763" count="0" type="stmt"/>
      <line num="1765" count="0" type="stmt"/>
    </file>
  </project>
</coverage>
