{
  "/Users/davidnguyen/WebstormProjects/DocuThinker-AI-App/backend/controllers/controllers.js": {
    "path": "/Users/davidnguyen/WebstormProjects/DocuThinker-AI-App/backend/controllers/controllers.js",
    "statementMap": {
      "0": {
        "start": { "line": 18, "column": 4 },
        "end": { "line": 18, "column": 35 }
      },
      "1": {
        "start": { "line": 19, "column": 51 },
        "end": { "line": 19, "column": 76 }
      },
      "2": {
        "start": { "line": 20, "column": 25 },
        "end": { "line": 20, "column": 46 }
      },
      "3": {
        "start": { "line": 21, "column": 23 },
        "end": { "line": 21, "column": 38 }
      },
      "4": {
        "start": { "line": 22, "column": 22 },
        "end": { "line": 22, "column": 47 }
      },
      "5": {
        "start": { "line": 51, "column": 0 },
        "end": { "line": 74, "column": 2 }
      },
      "6": {
        "start": { "line": 52, "column": 30 },
        "end": { "line": 52, "column": 38 }
      },
      "7": {
        "start": { "line": 53, "column": 2 },
        "end": { "line": 73, "column": 3 }
      },
      "8": {
        "start": { "line": 54, "column": 23 },
        "end": { "line": 54, "column": 56 }
      },
      "9": {
        "start": { "line": 55, "column": 25 },
        "end": { "line": 55, "column": 35 }
      },
      "10": {
        "start": { "line": 57, "column": 4 },
        "end": { "line": 57, "column": 68 }
      },
      "11": {
        "start": { "line": 60, "column": 4 },
        "end": { "line": 64, "column": 7 }
      },
      "12": {
        "start": { "line": 66, "column": 4 },
        "end": { "line": 66, "column": 64 }
      },
      "13": {
        "start": { "line": 67, "column": 4 },
        "end": { "line": 69, "column": 7 }
      },
      "14": {
        "start": { "line": 71, "column": 4 },
        "end": { "line": 71, "column": 78 }
      },
      "15": {
        "start": { "line": 72, "column": 4 },
        "end": { "line": 72, "column": 75 }
      },
      "16": {
        "start": { "line": 103, "column": 0 },
        "end": { "line": 116, "column": 2 }
      },
      "17": {
        "start": { "line": 104, "column": 20 },
        "end": { "line": 104, "column": 28 }
      },
      "18": {
        "start": { "line": 105, "column": 2 },
        "end": { "line": 115, "column": 3 }
      },
      "19": {
        "start": { "line": 106, "column": 24 },
        "end": { "line": 106, "column": 46 }
      },
      "20": {
        "start": { "line": 107, "column": 17 },
        "end": { "line": 107, "column": 65 }
      },
      "21": {
        "start": { "line": 109, "column": 4 },
        "end": { "line": 112, "column": 7 }
      },
      "22": {
        "start": { "line": 114, "column": 4 },
        "end": { "line": 114, "column": 70 }
      },
      "23": {
        "start": { "line": 154, "column": 0 },
        "end": { "line": 200, "column": 2 }
      },
      "24": {
        "start": { "line": 155, "column": 2 },
        "end": { "line": 199, "column": 3 }
      },
      "25": {
        "start": { "line": 157, "column": 36 },
        "end": { "line": 157, "column": 44 }
      },
      "26": {
        "start": { "line": 158, "column": 4 },
        "end": { "line": 164, "column": 5 }
      },
      "27": {
        "start": { "line": 159, "column": 6 },
        "end": { "line": 163, "column": 8 }
      },
      "28": {
        "start": { "line": 167, "column": 19 },
        "end": { "line": 167, "column": 46 }
      },
      "29": {
        "start": { "line": 170, "column": 4 },
        "end": { "line": 190, "column": 5 }
      },
      "30": {
        "start": { "line": 171, "column": 27 },
        "end": { "line": 171, "column": 69 }
      },
      "31": {
        "start": { "line": 172, "column": 22 },
        "end": { "line": 172, "column": 69 }
      },
      "32": {
        "start": { "line": 173, "column": 22 },
        "end": { "line": 173, "column": 41 }
      },
      "33": {
        "start": { "line": 174, "column": 6 },
        "end": { "line": 176, "column": 7 }
      },
      "34": {
        "start": { "line": 175, "column": 8 },
        "end": { "line": 175, "column": 61 }
      },
      "35": {
        "start": { "line": 179, "column": 20 },
        "end": { "line": 179, "column": 58 }
      },
      "36": {
        "start": { "line": 182, "column": 6 },
        "end": { "line": 189, "column": 9 }
      },
      "37": {
        "start": { "line": 193, "column": 4 },
        "end": { "line": 196, "column": 7 }
      },
      "38": {
        "start": { "line": 198, "column": 4 },
        "end": { "line": 198, "column": 79 }
      },
      "39": {
        "start": { "line": 240, "column": 0 },
        "end": { "line": 265, "column": 2 }
      },
      "40": {
        "start": { "line": 241, "column": 15 },
        "end": { "line": 241, "column": 33 }
      },
      "41": {
        "start": { "line": 242, "column": 2 },
        "end": { "line": 264, "column": 5 }
      },
      "42": {
        "start": { "line": 243, "column": 4 },
        "end": { "line": 247, "column": 5 }
      },
      "43": {
        "start": { "line": 244, "column": 6 },
        "end": { "line": 244, "column": 72 }
      },
      "44": {
        "start": { "line": 245, "column": 11 },
        "end": { "line": 247, "column": 5 }
      },
      "45": {
        "start": { "line": 246, "column": 6 },
        "end": { "line": 246, "column": 67 }
      },
      "46": {
        "start": { "line": 250, "column": 20 },
        "end": { "line": 250, "column": 40 }
      },
      "47": {
        "start": { "line": 252, "column": 4 },
        "end": { "line": 263, "column": 5 }
      },
      "48": {
        "start": { "line": 254, "column": 21 },
        "end": { "line": 254, "column": 63 }
      },
      "49": {
        "start": { "line": 258, "column": 6 },
        "end": { "line": 260, "column": 9 }
      },
      "50": {
        "start": { "line": 262, "column": 6 },
        "end": { "line": 262, "column": 76 }
      },
      "51": {
        "start": { "line": 290, "column": 0 },
        "end": { "line": 298, "column": 2 }
      },
      "52": {
        "start": { "line": 291, "column": 27 },
        "end": { "line": 291, "column": 35 }
      },
      "53": {
        "start": { "line": 292, "column": 2 },
        "end": { "line": 297, "column": 3 }
      },
      "54": {
        "start": { "line": 293, "column": 21 },
        "end": { "line": 293, "column": 57 }
      },
      "55": {
        "start": { "line": 294, "column": 4 },
        "end": { "line": 294, "column": 71 }
      },
      "56": {
        "start": { "line": 296, "column": 4 },
        "end": { "line": 296, "column": 79 }
      },
      "57": {
        "start": { "line": 323, "column": 0 },
        "end": { "line": 338, "column": 2 }
      },
      "58": {
        "start": { "line": 324, "column": 27 },
        "end": { "line": 324, "column": 35 }
      },
      "59": {
        "start": { "line": 325, "column": 2 },
        "end": { "line": 337, "column": 3 }
      },
      "60": {
        "start": { "line": 326, "column": 29 },
        "end": { "line": 326, "column": 73 }
      },
      "61": {
        "start": { "line": 327, "column": 4 },
        "end": { "line": 329, "column": 7 }
      },
      "62": {
        "start": { "line": 331, "column": 4 },
        "end": { "line": 336, "column": 6 }
      },
      "63": {
        "start": { "line": 367, "column": 0 },
        "end": { "line": 393, "column": 2 }
      },
      "64": {
        "start": { "line": 368, "column": 45 },
        "end": { "line": 368, "column": 53 }
      },
      "65": {
        "start": { "line": 371, "column": 2 },
        "end": { "line": 373, "column": 3 }
      },
      "66": {
        "start": { "line": 372, "column": 4 },
        "end": { "line": 372, "column": 25 }
      },
      "67": {
        "start": { "line": 375, "column": 2 },
        "end": { "line": 379, "column": 3 }
      },
      "68": {
        "start": { "line": 376, "column": 4 },
        "end": { "line": 378, "column": 69 }
      },
      "69": {
        "start": { "line": 381, "column": 2 },
        "end": { "line": 392, "column": 3 }
      },
      "70": {
        "start": { "line": 382, "column": 21 },
        "end": { "line": 382, "column": 71 }
      },
      "71": {
        "start": { "line": 383, "column": 4 },
        "end": { "line": 383, "column": 50 }
      },
      "72": {
        "start": { "line": 384, "column": 4 },
        "end": { "line": 384, "column": 43 }
      },
      "73": {
        "start": { "line": 385, "column": 4 },
        "end": { "line": 385, "column": 42 }
      },
      "74": {
        "start": { "line": 387, "column": 4 },
        "end": { "line": 387, "column": 55 }
      },
      "75": {
        "start": { "line": 388, "column": 4 },
        "end": { "line": 391, "column": 7 }
      },
      "76": {
        "start": { "line": 424, "column": 0 },
        "end": { "line": 441, "column": 2 }
      },
      "77": {
        "start": { "line": 425, "column": 33 },
        "end": { "line": 425, "column": 41 }
      },
      "78": {
        "start": { "line": 427, "column": 2 },
        "end": { "line": 431, "column": 3 }
      },
      "79": {
        "start": { "line": 428, "column": 4 },
        "end": { "line": 430, "column": 63 }
      },
      "80": {
        "start": { "line": 433, "column": 2 },
        "end": { "line": 440, "column": 3 }
      },
      "81": {
        "start": { "line": 434, "column": 19 },
        "end": { "line": 434, "column": 72 }
      },
      "82": {
        "start": { "line": 435, "column": 4 },
        "end": { "line": 435, "column": 33 }
      },
      "83": {
        "start": { "line": 437, "column": 4 },
        "end": { "line": 439, "column": 76 }
      },
      "84": {
        "start": { "line": 467, "column": 0 },
        "end": { "line": 480, "column": 2 }
      },
      "85": {
        "start": { "line": 468, "column": 20 },
        "end": { "line": 468, "column": 28 }
      },
      "86": {
        "start": { "line": 470, "column": 2 },
        "end": { "line": 472, "column": 3 }
      },
      "87": {
        "start": { "line": 471, "column": 4 },
        "end": { "line": 471, "column": 60 }
      },
      "88": {
        "start": { "line": 474, "column": 2 },
        "end": { "line": 479, "column": 3 }
      },
      "89": {
        "start": { "line": 475, "column": 23 },
        "end": { "line": 475, "column": 51 }
      },
      "90": {
        "start": { "line": 476, "column": 4 },
        "end": { "line": 476, "column": 77 }
      },
      "91": {
        "start": { "line": 478, "column": 4 },
        "end": { "line": 478, "column": 65 }
      },
      "92": {
        "start": { "line": 505, "column": 0 },
        "end": { "line": 520, "column": 2 }
      },
      "93": {
        "start": { "line": 506, "column": 21 },
        "end": { "line": 506, "column": 31 }
      },
      "94": {
        "start": { "line": 508, "column": 2 },
        "end": { "line": 519, "column": 3 }
      },
      "95": {
        "start": { "line": 509, "column": 20 },
        "end": { "line": 509, "column": 73 }
      },
      "96": {
        "start": { "line": 510, "column": 4 },
        "end": { "line": 512, "column": 5 }
      },
      "97": {
        "start": { "line": 511, "column": 6 },
        "end": { "line": 511, "column": 59 }
      },
      "98": {
        "start": { "line": 514, "column": 21 },
        "end": { "line": 514, "column": 35 }
      },
      "99": {
        "start": { "line": 515, "column": 22 },
        "end": { "line": 515, "column": 46 }
      },
      "100": {
        "start": { "line": 516, "column": 4 },
        "end": { "line": 516, "column": 68 }
      },
      "101": {
        "start": { "line": 518, "column": 4 },
        "end": { "line": 518, "column": 79 }
      },
      "102": {
        "start": { "line": 551, "column": 0 },
        "end": { "line": 571, "column": 2 }
      },
      "103": {
        "start": { "line": 552, "column": 28 },
        "end": { "line": 552, "column": 38 }
      },
      "104": {
        "start": { "line": 554, "column": 2 },
        "end": { "line": 570, "column": 3 }
      },
      "105": {
        "start": { "line": 555, "column": 20 },
        "end": { "line": 555, "column": 73 }
      },
      "106": {
        "start": { "line": 556, "column": 4 },
        "end": { "line": 558, "column": 5 }
      },
      "107": {
        "start": { "line": 557, "column": 6 },
        "end": { "line": 557, "column": 59 }
      },
      "108": {
        "start": { "line": 560, "column": 21 },
        "end": { "line": 560, "column": 35 }
      },
      "109": {
        "start": { "line": 561, "column": 21 },
        "end": { "line": 561, "column": 71 }
      },
      "110": {
        "start": { "line": 561, "column": 54 },
        "end": { "line": 561, "column": 70 }
      },
      "111": {
        "start": { "line": 563, "column": 4 },
        "end": { "line": 565, "column": 5 }
      },
      "112": {
        "start": { "line": 564, "column": 6 },
        "end": { "line": 564, "column": 63 }
      },
      "113": {
        "start": { "line": 567, "column": 4 },
        "end": { "line": 567, "column": 66 }
      },
      "114": {
        "start": { "line": 569, "column": 4 },
        "end": { "line": 569, "column": 78 }
      },
      "115": {
        "start": { "line": 602, "column": 0 },
        "end": { "line": 632, "column": 2 }
      },
      "116": {
        "start": { "line": 603, "column": 28 },
        "end": { "line": 603, "column": 38 }
      },
      "117": {
        "start": { "line": 605, "column": 2 },
        "end": { "line": 631, "column": 3 }
      },
      "118": {
        "start": { "line": 606, "column": 20 },
        "end": { "line": 606, "column": 73 }
      },
      "119": {
        "start": { "line": 607, "column": 4 },
        "end": { "line": 609, "column": 5 }
      },
      "120": {
        "start": { "line": 608, "column": 6 },
        "end": { "line": 608, "column": 59 }
      },
      "121": {
        "start": { "line": 611, "column": 21 },
        "end": { "line": 611, "column": 35 }
      },
      "122": {
        "start": { "line": 612, "column": 21 },
        "end": { "line": 612, "column": 71 }
      },
      "123": {
        "start": { "line": 612, "column": 54 },
        "end": { "line": 612, "column": 70 }
      },
      "124": {
        "start": { "line": 614, "column": 4 },
        "end": { "line": 616, "column": 5 }
      },
      "125": {
        "start": { "line": 615, "column": 6 },
        "end": { "line": 615, "column": 63 }
      },
      "126": {
        "start": { "line": 618, "column": 45 },
        "end": { "line": 618, "column": 53 }
      },
      "127": {
        "start": { "line": 619, "column": 4 },
        "end": { "line": 623, "column": 7 }
      },
      "128": {
        "start": { "line": 625, "column": 4 },
        "end": { "line": 630, "column": 6 }
      },
      "129": {
        "start": { "line": 679, "column": 0 },
        "end": { "line": 722, "column": 2 }
      },
      "130": {
        "start": { "line": 680, "column": 21 },
        "end": { "line": 680, "column": 31 }
      },
      "131": {
        "start": { "line": 681, "column": 25 },
        "end": { "line": 681, "column": 34 }
      },
      "132": {
        "start": { "line": 683, "column": 2 },
        "end": { "line": 721, "column": 3 }
      },
      "133": {
        "start": { "line": 684, "column": 20 },
        "end": { "line": 684, "column": 73 }
      },
      "134": {
        "start": { "line": 685, "column": 4 },
        "end": { "line": 687, "column": 5 }
      },
      "135": {
        "start": { "line": 686, "column": 6 },
        "end": { "line": 686, "column": 59 }
      },
      "136": {
        "start": { "line": 689, "column": 21 },
        "end": { "line": 689, "column": 35 }
      },
      "137": {
        "start": { "line": 690, "column": 22 },
        "end": { "line": 690, "column": 46 }
      },
      "138": {
        "start": { "line": 693, "column": 30 },
        "end": { "line": 702, "column": 6 }
      },
      "139": {
        "start": { "line": 695, "column": 20 },
        "end": { "line": 695, "column": 78 }
      },
      "140": {
        "start": { "line": 698, "column": 8 },
        "end": { "line": 699, "column": 62 }
      },
      "141": {
        "start": { "line": 701, "column": 6 },
        "end": { "line": 701, "column": 24 }
      },
      "142": {
        "start": { "line": 704, "column": 4 },
        "end": { "line": 706, "column": 5 }
      },
      "143": {
        "start": { "line": 705, "column": 6 },
        "end": { "line": 705, "column": 72 }
      },
      "144": {
        "start": { "line": 709, "column": 21 },
        "end": { "line": 716, "column": 7 }
      },
      "145": {
        "start": { "line": 709, "column": 53 },
        "end": { "line": 716, "column": 5 }
      },
      "146": {
        "start": { "line": 718, "column": 4 },
        "end": { "line": 718, "column": 80 }
      },
      "147": {
        "start": { "line": 720, "column": 4 },
        "end": { "line": 720, "column": 77 }
      },
      "148": {
        "start": { "line": 753, "column": 0 },
        "end": { "line": 775, "column": 2 }
      },
      "149": {
        "start": { "line": 754, "column": 28 },
        "end": { "line": 754, "column": 38 }
      },
      "150": {
        "start": { "line": 756, "column": 2 },
        "end": { "line": 774, "column": 3 }
      },
      "151": {
        "start": { "line": 757, "column": 20 },
        "end": { "line": 757, "column": 73 }
      },
      "152": {
        "start": { "line": 758, "column": 4 },
        "end": { "line": 760, "column": 5 }
      },
      "153": {
        "start": { "line": 759, "column": 6 },
        "end": { "line": 759, "column": 59 }
      },
      "154": {
        "start": { "line": 762, "column": 21 },
        "end": { "line": 762, "column": 35 }
      },
      "155": {
        "start": { "line": 763, "column": 29 },
        "end": { "line": 765, "column": 5 }
      },
      "156": {
        "start": { "line": 764, "column": 15 },
        "end": { "line": 764, "column": 31 }
      },
      "157": {
        "start": { "line": 767, "column": 4 },
        "end": { "line": 769, "column": 7 }
      },
      "158": {
        "start": { "line": 771, "column": 4 },
        "end": { "line": 771, "column": 67 }
      },
      "159": {
        "start": { "line": 773, "column": 4 },
        "end": { "line": 773, "column": 76 }
      },
      "160": {
        "start": { "line": 798, "column": 0 },
        "end": { "line": 810, "column": 2 }
      },
      "161": {
        "start": { "line": 799, "column": 21 },
        "end": { "line": 799, "column": 31 }
      },
      "162": {
        "start": { "line": 801, "column": 2 },
        "end": { "line": 809, "column": 3 }
      },
      "163": {
        "start": { "line": 802, "column": 4 },
        "end": { "line": 804, "column": 7 }
      },
      "164": {
        "start": { "line": 806, "column": 4 },
        "end": { "line": 806, "column": 72 }
      },
      "165": {
        "start": { "line": 808, "column": 4 },
        "end": { "line": 808, "column": 77 }
      },
      "166": {
        "start": { "line": 842, "column": 0 },
        "end": { "line": 860, "column": 2 }
      },
      "167": {
        "start": { "line": 843, "column": 31 },
        "end": { "line": 843, "column": 39 }
      },
      "168": {
        "start": { "line": 845, "column": 2 },
        "end": { "line": 859, "column": 3 }
      },
      "169": {
        "start": { "line": 847, "column": 23 },
        "end": { "line": 849, "column": 46 }
      },
      "170": {
        "start": { "line": 852, "column": 4 },
        "end": { "line": 852, "column": 80 }
      },
      "171": {
        "start": { "line": 854, "column": 4 },
        "end": { "line": 856, "column": 7 }
      },
      "172": {
        "start": { "line": 858, "column": 4 },
        "end": { "line": 858, "column": 73 }
      },
      "173": {
        "start": { "line": 892, "column": 0 },
        "end": { "line": 903, "column": 2 }
      },
      "174": {
        "start": { "line": 893, "column": 34 },
        "end": { "line": 893, "column": 42 }
      },
      "175": {
        "start": { "line": 895, "column": 2 },
        "end": { "line": 902, "column": 3 }
      },
      "176": {
        "start": { "line": 897, "column": 4 },
        "end": { "line": 897, "column": 77 }
      },
      "177": {
        "start": { "line": 899, "column": 4 },
        "end": { "line": 899, "column": 67 }
      },
      "178": {
        "start": { "line": 901, "column": 4 },
        "end": { "line": 901, "column": 76 }
      },
      "179": {
        "start": { "line": 928, "column": 0 },
        "end": { "line": 956, "column": 2 }
      },
      "180": {
        "start": { "line": 929, "column": 21 },
        "end": { "line": 929, "column": 31 }
      },
      "181": {
        "start": { "line": 931, "column": 2 },
        "end": { "line": 955, "column": 3 }
      },
      "182": {
        "start": { "line": 932, "column": 20 },
        "end": { "line": 932, "column": 73 }
      },
      "183": {
        "start": { "line": 933, "column": 4 },
        "end": { "line": 935, "column": 5 }
      },
      "184": {
        "start": { "line": 934, "column": 6 },
        "end": { "line": 934, "column": 59 }
      },
      "185": {
        "start": { "line": 937, "column": 21 },
        "end": { "line": 937, "column": 35 }
      },
      "186": {
        "start": { "line": 938, "column": 22 },
        "end": { "line": 938, "column": 49 }
      },
      "187": {
        "start": { "line": 939, "column": 18 },
        "end": { "line": 939, "column": 28 }
      },
      "188": {
        "start": { "line": 942, "column": 23 },
        "end": { "line": 942, "column": 60 }
      },
      "189": {
        "start": { "line": 943, "column": 23 },
        "end": { "line": 943, "column": 66 }
      },
      "190": {
        "start": { "line": 945, "column": 4 },
        "end": { "line": 947, "column": 7 }
      },
      "191": {
        "start": { "line": 949, "column": 4 },
        "end": { "line": 954, "column": 6 }
      },
      "192": {
        "start": { "line": 982, "column": 0 },
        "end": { "line": 1005, "column": 2 }
      },
      "193": {
        "start": { "line": 983, "column": 21 },
        "end": { "line": 983, "column": 31 }
      },
      "194": {
        "start": { "line": 985, "column": 2 },
        "end": { "line": 1004, "column": 3 }
      },
      "195": {
        "start": { "line": 986, "column": 20 },
        "end": { "line": 986, "column": 73 }
      },
      "196": {
        "start": { "line": 987, "column": 4 },
        "end": { "line": 989, "column": 5 }
      },
      "197": {
        "start": { "line": 988, "column": 6 },
        "end": { "line": 988, "column": 59 }
      },
      "198": {
        "start": { "line": 991, "column": 21 },
        "end": { "line": 991, "column": 35 }
      },
      "199": {
        "start": { "line": 992, "column": 26 },
        "end": { "line": 992, "column": 51 }
      },
      "200": {
        "start": { "line": 994, "column": 4 },
        "end": { "line": 996, "column": 7 }
      },
      "201": {
        "start": { "line": 998, "column": 4 },
        "end": { "line": 1003, "column": 6 }
      },
      "202": {
        "start": { "line": 1030, "column": 0 },
        "end": { "line": 1046, "column": 2 }
      },
      "203": {
        "start": { "line": 1031, "column": 21 },
        "end": { "line": 1031, "column": 31 }
      },
      "204": {
        "start": { "line": 1033, "column": 2 },
        "end": { "line": 1045, "column": 3 }
      },
      "205": {
        "start": { "line": 1034, "column": 20 },
        "end": { "line": 1034, "column": 73 }
      },
      "206": {
        "start": { "line": 1035, "column": 4 },
        "end": { "line": 1037, "column": 5 }
      },
      "207": {
        "start": { "line": 1036, "column": 6 },
        "end": { "line": 1036, "column": 59 }
      },
      "208": {
        "start": { "line": 1039, "column": 21 },
        "end": { "line": 1039, "column": 35 }
      },
      "209": {
        "start": { "line": 1040, "column": 4 },
        "end": { "line": 1042, "column": 7 }
      },
      "210": {
        "start": { "line": 1044, "column": 4 },
        "end": { "line": 1044, "column": 80 }
      },
      "211": {
        "start": { "line": 1084, "column": 0 },
        "end": { "line": 1119, "column": 2 }
      },
      "212": {
        "start": { "line": 1085, "column": 38 },
        "end": { "line": 1085, "column": 46 }
      },
      "213": {
        "start": { "line": 1087, "column": 2 },
        "end": { "line": 1118, "column": 3 }
      },
      "214": {
        "start": { "line": 1088, "column": 20 },
        "end": { "line": 1088, "column": 73 }
      },
      "215": {
        "start": { "line": 1089, "column": 4 },
        "end": { "line": 1091, "column": 5 }
      },
      "216": {
        "start": { "line": 1090, "column": 6 },
        "end": { "line": 1090, "column": 59 }
      },
      "217": {
        "start": { "line": 1093, "column": 21 },
        "end": { "line": 1093, "column": 35 }
      },
      "218": {
        "start": { "line": 1094, "column": 26 },
        "end": { "line": 1096, "column": 5 }
      },
      "219": {
        "start": { "line": 1095, "column": 15 },
        "end": { "line": 1095, "column": 31 }
      },
      "220": {
        "start": { "line": 1098, "column": 4 },
        "end": { "line": 1100, "column": 5 }
      },
      "221": {
        "start": { "line": 1099, "column": 6 },
        "end": { "line": 1099, "column": 63 }
      },
      "222": {
        "start": { "line": 1103, "column": 4 },
        "end": { "line": 1103, "column": 55 }
      },
      "223": {
        "start": { "line": 1106, "column": 4 },
        "end": { "line": 1108, "column": 7 }
      },
      "224": {
        "start": { "line": 1110, "column": 4 },
        "end": { "line": 1110, "column": 73 }
      },
      "225": {
        "start": { "line": 1112, "column": 4 },
        "end": { "line": 1117, "column": 6 }
      },
      "226": {
        "start": { "line": 1156, "column": 0 },
        "end": { "line": 1188, "column": 2 }
      },
      "227": {
        "start": { "line": 1157, "column": 21 },
        "end": { "line": 1157, "column": 31 }
      },
      "228": {
        "start": { "line": 1159, "column": 2 },
        "end": { "line": 1187, "column": 3 }
      },
      "229": {
        "start": { "line": 1161, "column": 20 },
        "end": { "line": 1161, "column": 73 }
      },
      "230": {
        "start": { "line": 1164, "column": 4 },
        "end": { "line": 1166, "column": 5 }
      },
      "231": {
        "start": { "line": 1165, "column": 6 },
        "end": { "line": 1165, "column": 59 }
      },
      "232": {
        "start": { "line": 1169, "column": 21 },
        "end": { "line": 1169, "column": 35 }
      },
      "233": {
        "start": { "line": 1170, "column": 22 },
        "end": { "line": 1170, "column": 40 }
      },
      "234": {
        "start": { "line": 1173, "column": 4 },
        "end": { "line": 1179, "column": 5 }
      },
      "235": {
        "start": { "line": 1174, "column": 6 },
        "end": { "line": 1176, "column": 9 }
      },
      "236": {
        "start": { "line": 1178, "column": 6 },
        "end": { "line": 1178, "column": 68 }
      },
      "237": {
        "start": { "line": 1181, "column": 4 },
        "end": { "line": 1186, "column": 6 }
      },
      "238": {
        "start": { "line": 1222, "column": 0 },
        "end": { "line": 1251, "column": 2 }
      },
      "239": {
        "start": { "line": 1223, "column": 28 },
        "end": { "line": 1223, "column": 36 }
      },
      "240": {
        "start": { "line": 1225, "column": 2 },
        "end": { "line": 1227, "column": 3 }
      },
      "241": {
        "start": { "line": 1226, "column": 4 },
        "end": { "line": 1226, "column": 73 }
      },
      "242": {
        "start": { "line": 1230, "column": 2 },
        "end": { "line": 1236, "column": 3 }
      },
      "243": {
        "start": { "line": 1231, "column": 4 },
        "end": { "line": 1235, "column": 6 }
      },
      "244": {
        "start": { "line": 1238, "column": 2 },
        "end": { "line": 1250, "column": 3 }
      },
      "245": {
        "start": { "line": 1239, "column": 20 },
        "end": { "line": 1239, "column": 73 }
      },
      "246": {
        "start": { "line": 1240, "column": 4 },
        "end": { "line": 1242, "column": 5 }
      },
      "247": {
        "start": { "line": 1241, "column": 6 },
        "end": { "line": 1241, "column": 60 }
      },
      "248": {
        "start": { "line": 1245, "column": 4 },
        "end": { "line": 1245, "column": 70 }
      },
      "249": {
        "start": { "line": 1247, "column": 4 },
        "end": { "line": 1247, "column": 76 }
      },
      "250": {
        "start": { "line": 1249, "column": 4 },
        "end": { "line": 1249, "column": 74 }
      },
      "251": {
        "start": { "line": 1292, "column": 0 },
        "end": { "line": 1321, "column": 2 }
      },
      "252": {
        "start": { "line": 1293, "column": 21 },
        "end": { "line": 1293, "column": 31 }
      },
      "253": {
        "start": { "line": 1295, "column": 2 },
        "end": { "line": 1320, "column": 3 }
      },
      "254": {
        "start": { "line": 1296, "column": 20 },
        "end": { "line": 1296, "column": 73 }
      },
      "255": {
        "start": { "line": 1298, "column": 4 },
        "end": { "line": 1300, "column": 5 }
      },
      "256": {
        "start": { "line": 1299, "column": 6 },
        "end": { "line": 1299, "column": 59 }
      },
      "257": {
        "start": { "line": 1302, "column": 21 },
        "end": { "line": 1302, "column": 35 }
      },
      "258": {
        "start": { "line": 1303, "column": 24 },
        "end": { "line": 1308, "column": 5 }
      },
      "259": {
        "start": { "line": 1310, "column": 4 },
        "end": { "line": 1312, "column": 7 }
      },
      "260": {
        "start": { "line": 1314, "column": 4 },
        "end": { "line": 1319, "column": 6 }
      },
      "261": {
        "start": { "line": 1359, "column": 0 },
        "end": { "line": 1394, "column": 2 }
      },
      "262": {
        "start": { "line": 1360, "column": 69 },
        "end": { "line": 1360, "column": 77 }
      },
      "263": {
        "start": { "line": 1362, "column": 2 },
        "end": { "line": 1393, "column": 3 }
      },
      "264": {
        "start": { "line": 1363, "column": 20 },
        "end": { "line": 1363, "column": 61 }
      },
      "265": {
        "start": { "line": 1364, "column": 20 },
        "end": { "line": 1364, "column": 39 }
      },
      "266": {
        "start": { "line": 1366, "column": 4 },
        "end": { "line": 1368, "column": 5 }
      },
      "267": {
        "start": { "line": 1367, "column": 6 },
        "end": { "line": 1367, "column": 59 }
      },
      "268": {
        "start": { "line": 1371, "column": 24 },
        "end": { "line": 1371, "column": 56 }
      },
      "269": {
        "start": { "line": 1374, "column": 24 },
        "end": { "line": 1380, "column": 5 }
      },
      "270": {
        "start": { "line": 1383, "column": 4 },
        "end": { "line": 1383, "column": 55 }
      },
      "271": {
        "start": { "line": 1385, "column": 4 },
        "end": { "line": 1385, "column": 77 }
      },
      "272": {
        "start": { "line": 1387, "column": 4 },
        "end": { "line": 1392, "column": 6 }
      },
      "273": {
        "start": { "line": 1435, "column": 0 },
        "end": { "line": 1456, "column": 2 }
      },
      "274": {
        "start": { "line": 1436, "column": 2 },
        "end": { "line": 1455, "column": 3 }
      },
      "275": {
        "start": { "line": 1437, "column": 29 },
        "end": { "line": 1437, "column": 37 }
      },
      "276": {
        "start": { "line": 1439, "column": 4 },
        "end": { "line": 1445, "column": 5 }
      },
      "277": {
        "start": { "line": 1444, "column": 6 },
        "end": { "line": 1444, "column": 70 }
      },
      "278": {
        "start": { "line": 1447, "column": 28 },
        "end": { "line": 1447, "column": 64 }
      },
      "279": {
        "start": { "line": 1449, "column": 4 },
        "end": { "line": 1452, "column": 7 }
      },
      "280": {
        "start": { "line": 1454, "column": 4 },
        "end": { "line": 1454, "column": 51 }
      },
      "281": {
        "start": { "line": 1494, "column": 0 },
        "end": { "line": 1512, "column": 2 }
      },
      "282": {
        "start": { "line": 1495, "column": 2 },
        "end": { "line": 1511, "column": 3 }
      },
      "283": {
        "start": { "line": 1496, "column": 29 },
        "end": { "line": 1496, "column": 37 }
      },
      "284": {
        "start": { "line": 1498, "column": 4 },
        "end": { "line": 1504, "column": 5 }
      },
      "285": {
        "start": { "line": 1503, "column": 6 },
        "end": { "line": 1503, "column": 70 }
      },
      "286": {
        "start": { "line": 1506, "column": 26 },
        "end": { "line": 1506, "column": 67 }
      },
      "287": {
        "start": { "line": 1508, "column": 4 },
        "end": { "line": 1508, "column": 53 }
      },
      "288": {
        "start": { "line": 1510, "column": 4 },
        "end": { "line": 1510, "column": 51 }
      },
      "289": {
        "start": { "line": 1554, "column": 0 },
        "end": { "line": 1580, "column": 2 }
      },
      "290": {
        "start": { "line": 1555, "column": 2 },
        "end": { "line": 1579, "column": 3 }
      },
      "291": {
        "start": { "line": 1556, "column": 39 },
        "end": { "line": 1556, "column": 47 }
      },
      "292": {
        "start": { "line": 1558, "column": 4 },
        "end": { "line": 1569, "column": 5 }
      },
      "293": {
        "start": { "line": 1566, "column": 6 },
        "end": { "line": 1568, "column": 62 }
      },
      "294": {
        "start": { "line": 1571, "column": 30 },
        "end": { "line": 1574, "column": 5 }
      },
      "295": {
        "start": { "line": 1576, "column": 4 },
        "end": { "line": 1576, "column": 57 }
      },
      "296": {
        "start": { "line": 1578, "column": 4 },
        "end": { "line": 1578, "column": 51 }
      },
      "297": {
        "start": { "line": 1622, "column": 0 },
        "end": { "line": 1643, "column": 2 }
      },
      "298": {
        "start": { "line": 1623, "column": 2 },
        "end": { "line": 1642, "column": 3 }
      },
      "299": {
        "start": { "line": 1624, "column": 36 },
        "end": { "line": 1624, "column": 44 }
      },
      "300": {
        "start": { "line": 1626, "column": 4 },
        "end": { "line": 1635, "column": 5 }
      },
      "301": {
        "start": { "line": 1634, "column": 6 },
        "end": { "line": 1634, "column": 79 }
      },
      "302": {
        "start": { "line": 1637, "column": 29 },
        "end": { "line": 1637, "column": 70 }
      },
      "303": {
        "start": { "line": 1639, "column": 4 },
        "end": { "line": 1639, "column": 47 }
      },
      "304": {
        "start": { "line": 1641, "column": 4 },
        "end": { "line": 1641, "column": 51 }
      },
      "305": {
        "start": { "line": 1681, "column": 0 },
        "end": { "line": 1700, "column": 2 }
      },
      "306": {
        "start": { "line": 1682, "column": 2 },
        "end": { "line": 1699, "column": 3 }
      },
      "307": {
        "start": { "line": 1683, "column": 29 },
        "end": { "line": 1683, "column": 37 }
      },
      "308": {
        "start": { "line": 1685, "column": 4 },
        "end": { "line": 1691, "column": 5 }
      },
      "309": {
        "start": { "line": 1690, "column": 6 },
        "end": { "line": 1690, "column": 70 }
      },
      "310": {
        "start": { "line": 1694, "column": 6 },
        "end": { "line": 1694, "column": 59 }
      },
      "311": {
        "start": { "line": 1696, "column": 4 },
        "end": { "line": 1696, "column": 46 }
      },
      "312": {
        "start": { "line": 1698, "column": 4 },
        "end": { "line": 1698, "column": 51 }
      },
      "313": {
        "start": { "line": 1742, "column": 0 },
        "end": { "line": 1767, "column": 2 }
      },
      "314": {
        "start": { "line": 1743, "column": 2 },
        "end": { "line": 1766, "column": 3 }
      },
      "315": {
        "start": { "line": 1744, "column": 48 },
        "end": { "line": 1744, "column": 56 }
      },
      "316": {
        "start": { "line": 1747, "column": 4 },
        "end": { "line": 1758, "column": 5 }
      },
      "317": {
        "start": { "line": 1755, "column": 6 },
        "end": { "line": 1757, "column": 71 }
      },
      "318": {
        "start": { "line": 1761, "column": 27 },
        "end": { "line": 1761, "column": 79 }
      },
      "319": {
        "start": { "line": 1763, "column": 4 },
        "end": { "line": 1763, "column": 45 }
      },
      "320": {
        "start": { "line": 1765, "column": 4 },
        "end": { "line": 1765, "column": 51 }
      }
    },
    "fnMap": {
      "0": {
        "name": "(anonymous_0)",
        "decl": {
          "start": { "line": 51, "column": 23 },
          "end": { "line": 51, "column": 24 }
        },
        "loc": {
          "start": { "line": 51, "column": 43 },
          "end": { "line": 74, "column": 1 }
        },
        "line": 51
      },
      "1": {
        "name": "(anonymous_1)",
        "decl": {
          "start": { "line": 103, "column": 20 },
          "end": { "line": 103, "column": 21 }
        },
        "loc": {
          "start": { "line": 103, "column": 40 },
          "end": { "line": 116, "column": 1 }
        },
        "line": 103
      },
      "2": {
        "name": "(anonymous_2)",
        "decl": {
          "start": { "line": 154, "column": 25 },
          "end": { "line": 154, "column": 26 }
        },
        "loc": {
          "start": { "line": 154, "column": 45 },
          "end": { "line": 200, "column": 1 }
        },
        "line": 154
      },
      "3": {
        "name": "(anonymous_3)",
        "decl": {
          "start": { "line": 240, "column": 27 },
          "end": { "line": 240, "column": 28 }
        },
        "loc": {
          "start": { "line": 240, "column": 47 },
          "end": { "line": 265, "column": 1 }
        },
        "line": 240
      },
      "4": {
        "name": "(anonymous_4)",
        "decl": {
          "start": { "line": 242, "column": 24 },
          "end": { "line": 242, "column": 25 }
        },
        "loc": {
          "start": { "line": 242, "column": 54 },
          "end": { "line": 264, "column": 3 }
        },
        "line": 242
      },
      "5": {
        "name": "(anonymous_5)",
        "decl": {
          "start": { "line": 290, "column": 27 },
          "end": { "line": 290, "column": 28 }
        },
        "loc": {
          "start": { "line": 290, "column": 47 },
          "end": { "line": 298, "column": 1 }
        },
        "line": 290
      },
      "6": {
        "name": "(anonymous_6)",
        "decl": {
          "start": { "line": 323, "column": 35 },
          "end": { "line": 323, "column": 36 }
        },
        "loc": {
          "start": { "line": 323, "column": 55 },
          "end": { "line": 338, "column": 1 }
        },
        "line": 323
      },
      "7": {
        "name": "(anonymous_7)",
        "decl": {
          "start": { "line": 367, "column": 21 },
          "end": { "line": 367, "column": 22 }
        },
        "loc": {
          "start": { "line": 367, "column": 41 },
          "end": { "line": 393, "column": 1 }
        },
        "line": 367
      },
      "8": {
        "name": "(anonymous_8)",
        "decl": {
          "start": { "line": 424, "column": 25 },
          "end": { "line": 424, "column": 26 }
        },
        "loc": {
          "start": { "line": 424, "column": 45 },
          "end": { "line": 441, "column": 1 }
        },
        "line": 424
      },
      "9": {
        "name": "(anonymous_9)",
        "decl": {
          "start": { "line": 467, "column": 22 },
          "end": { "line": 467, "column": 23 }
        },
        "loc": {
          "start": { "line": 467, "column": 42 },
          "end": { "line": 480, "column": 1 }
        },
        "line": 467
      },
      "10": {
        "name": "(anonymous_10)",
        "decl": {
          "start": { "line": 505, "column": 26 },
          "end": { "line": 505, "column": 27 }
        },
        "loc": {
          "start": { "line": 505, "column": 46 },
          "end": { "line": 520, "column": 1 }
        },
        "line": 505
      },
      "11": {
        "name": "(anonymous_11)",
        "decl": {
          "start": { "line": 551, "column": 26 },
          "end": { "line": 551, "column": 27 }
        },
        "loc": {
          "start": { "line": 551, "column": 46 },
          "end": { "line": 571, "column": 1 }
        },
        "line": 551
      },
      "12": {
        "name": "(anonymous_12)",
        "decl": {
          "start": { "line": 561, "column": 45 },
          "end": { "line": 561, "column": 46 }
        },
        "loc": {
          "start": { "line": 561, "column": 54 },
          "end": { "line": 561, "column": 70 }
        },
        "line": 561
      },
      "13": {
        "name": "(anonymous_13)",
        "decl": {
          "start": { "line": 602, "column": 29 },
          "end": { "line": 602, "column": 30 }
        },
        "loc": {
          "start": { "line": 602, "column": 49 },
          "end": { "line": 632, "column": 1 }
        },
        "line": 602
      },
      "14": {
        "name": "(anonymous_14)",
        "decl": {
          "start": { "line": 612, "column": 45 },
          "end": { "line": 612, "column": 46 }
        },
        "loc": {
          "start": { "line": 612, "column": 54 },
          "end": { "line": 612, "column": 70 }
        },
        "line": 612
      },
      "15": {
        "name": "(anonymous_15)",
        "decl": {
          "start": { "line": 679, "column": 26 },
          "end": { "line": 679, "column": 27 }
        },
        "loc": {
          "start": { "line": 679, "column": 46 },
          "end": { "line": 722, "column": 1 }
        },
        "line": 679
      },
      "16": {
        "name": "(anonymous_16)",
        "decl": {
          "start": { "line": 693, "column": 47 },
          "end": { "line": 693, "column": 48 }
        },
        "loc": {
          "start": { "line": 693, "column": 56 },
          "end": { "line": 702, "column": 5 }
        },
        "line": 693
      },
      "17": {
        "name": "(anonymous_17)",
        "decl": {
          "start": { "line": 709, "column": 43 },
          "end": { "line": 709, "column": 44 }
        },
        "loc": {
          "start": { "line": 709, "column": 53 },
          "end": { "line": 716, "column": 5 }
        },
        "line": 709
      },
      "18": {
        "name": "(anonymous_18)",
        "decl": {
          "start": { "line": 753, "column": 25 },
          "end": { "line": 753, "column": 26 }
        },
        "loc": {
          "start": { "line": 753, "column": 45 },
          "end": { "line": 775, "column": 1 }
        },
        "line": 753
      },
      "19": {
        "name": "(anonymous_19)",
        "decl": {
          "start": { "line": 764, "column": 6 },
          "end": { "line": 764, "column": 7 }
        },
        "loc": {
          "start": { "line": 764, "column": 15 },
          "end": { "line": 764, "column": 31 }
        },
        "line": 764
      },
      "20": {
        "name": "(anonymous_20)",
        "decl": {
          "start": { "line": 798, "column": 29 },
          "end": { "line": 798, "column": 30 }
        },
        "loc": {
          "start": { "line": 798, "column": 49 },
          "end": { "line": 810, "column": 1 }
        },
        "line": 798
      },
      "21": {
        "name": "(anonymous_21)",
        "decl": {
          "start": { "line": 842, "column": 26 },
          "end": { "line": 842, "column": 27 }
        },
        "loc": {
          "start": { "line": 842, "column": 46 },
          "end": { "line": 860, "column": 1 }
        },
        "line": 842
      },
      "22": {
        "name": "(anonymous_22)",
        "decl": {
          "start": { "line": 892, "column": 29 },
          "end": { "line": 892, "column": 30 }
        },
        "loc": {
          "start": { "line": 892, "column": 49 },
          "end": { "line": 903, "column": 1 }
        },
        "line": 892
      },
      "23": {
        "name": "(anonymous_23)",
        "decl": {
          "start": { "line": 928, "column": 29 },
          "end": { "line": 928, "column": 30 }
        },
        "loc": {
          "start": { "line": 928, "column": 49 },
          "end": { "line": 956, "column": 1 }
        },
        "line": 928
      },
      "24": {
        "name": "(anonymous_24)",
        "decl": {
          "start": { "line": 982, "column": 27 },
          "end": { "line": 982, "column": 28 }
        },
        "loc": {
          "start": { "line": 982, "column": 47 },
          "end": { "line": 1005, "column": 1 }
        },
        "line": 982
      },
      "25": {
        "name": "(anonymous_25)",
        "decl": {
          "start": { "line": 1030, "column": 23 },
          "end": { "line": 1030, "column": 24 }
        },
        "loc": {
          "start": { "line": 1030, "column": 43 },
          "end": { "line": 1046, "column": 1 }
        },
        "line": 1030
      },
      "26": {
        "name": "(anonymous_26)",
        "decl": {
          "start": { "line": 1084, "column": 30 },
          "end": { "line": 1084, "column": 31 }
        },
        "loc": {
          "start": { "line": 1084, "column": 50 },
          "end": { "line": 1119, "column": 1 }
        },
        "line": 1084
      },
      "27": {
        "name": "(anonymous_27)",
        "decl": {
          "start": { "line": 1095, "column": 6 },
          "end": { "line": 1095, "column": 7 }
        },
        "loc": {
          "start": { "line": 1095, "column": 15 },
          "end": { "line": 1095, "column": 31 }
        },
        "line": 1095
      },
      "28": {
        "name": "(anonymous_28)",
        "decl": {
          "start": { "line": 1156, "column": 28 },
          "end": { "line": 1156, "column": 29 }
        },
        "loc": {
          "start": { "line": 1156, "column": 48 },
          "end": { "line": 1188, "column": 1 }
        },
        "line": 1156
      },
      "29": {
        "name": "(anonymous_29)",
        "decl": {
          "start": { "line": 1222, "column": 22 },
          "end": { "line": 1222, "column": 23 }
        },
        "loc": {
          "start": { "line": 1222, "column": 42 },
          "end": { "line": 1251, "column": 1 }
        },
        "line": 1222
      },
      "30": {
        "name": "(anonymous_30)",
        "decl": {
          "start": { "line": 1292, "column": 25 },
          "end": { "line": 1292, "column": 26 }
        },
        "loc": {
          "start": { "line": 1292, "column": 45 },
          "end": { "line": 1321, "column": 1 }
        },
        "line": 1292
      },
      "31": {
        "name": "(anonymous_31)",
        "decl": {
          "start": { "line": 1359, "column": 28 },
          "end": { "line": 1359, "column": 29 }
        },
        "loc": {
          "start": { "line": 1359, "column": 48 },
          "end": { "line": 1394, "column": 1 }
        },
        "line": 1359
      },
      "32": {
        "name": "(anonymous_32)",
        "decl": {
          "start": { "line": 1435, "column": 28 },
          "end": { "line": 1435, "column": 29 }
        },
        "loc": {
          "start": { "line": 1435, "column": 48 },
          "end": { "line": 1456, "column": 1 }
        },
        "line": 1435
      },
      "33": {
        "name": "(anonymous_33)",
        "decl": {
          "start": { "line": 1494, "column": 24 },
          "end": { "line": 1494, "column": 25 }
        },
        "loc": {
          "start": { "line": 1494, "column": 44 },
          "end": { "line": 1512, "column": 1 }
        },
        "line": 1494
      },
      "34": {
        "name": "(anonymous_34)",
        "decl": {
          "start": { "line": 1554, "column": 28 },
          "end": { "line": 1554, "column": 29 }
        },
        "loc": {
          "start": { "line": 1554, "column": 48 },
          "end": { "line": 1580, "column": 1 }
        },
        "line": 1554
      },
      "35": {
        "name": "(anonymous_35)",
        "decl": {
          "start": { "line": 1622, "column": 27 },
          "end": { "line": 1622, "column": 28 }
        },
        "loc": {
          "start": { "line": 1622, "column": 47 },
          "end": { "line": 1643, "column": 1 }
        },
        "line": 1622
      },
      "36": {
        "name": "(anonymous_36)",
        "decl": {
          "start": { "line": 1681, "column": 36 },
          "end": { "line": 1681, "column": 37 }
        },
        "loc": {
          "start": { "line": 1681, "column": 56 },
          "end": { "line": 1700, "column": 1 }
        },
        "line": 1681
      },
      "37": {
        "name": "(anonymous_37)",
        "decl": {
          "start": { "line": 1742, "column": 24 },
          "end": { "line": 1742, "column": 25 }
        },
        "loc": {
          "start": { "line": 1742, "column": 44 },
          "end": { "line": 1767, "column": 1 }
        },
        "line": 1742
      }
    },
    "branchMap": {
      "0": {
        "loc": {
          "start": { "line": 158, "column": 4 },
          "end": { "line": 164, "column": 5 }
        },
        "type": "if",
        "locations": [
          {
            "start": { "line": 158, "column": 4 },
            "end": { "line": 164, "column": 5 }
          },
          { "start": {}, "end": {} }
        ],
        "line": 158
      },
      "1": {
        "loc": {
          "start": { "line": 158, "column": 8 },
          "end": { "line": 158, "column": 23 }
        },
        "type": "binary-expr",
        "locations": [
          {
            "start": { "line": 158, "column": 8 },
            "end": { "line": 158, "column": 13 }
          },
          {
            "start": { "line": 158, "column": 17 },
            "end": { "line": 158, "column": 23 }
          }
        ],
        "line": 158
      },
      "2": {
        "loc": {
          "start": { "line": 170, "column": 4 },
          "end": { "line": 190, "column": 5 }
        },
        "type": "if",
        "locations": [
          {
            "start": { "line": 170, "column": 4 },
            "end": { "line": 190, "column": 5 }
          },
          { "start": {}, "end": {} }
        ],
        "line": 170
      },
      "3": {
        "loc": {
          "start": { "line": 171, "column": 27 },
          "end": { "line": 171, "column": 69 }
        },
        "type": "cond-expr",
        "locations": [
          {
            "start": { "line": 171, "column": 51 },
            "end": { "line": 171, "column": 60 }
          },
          {
            "start": { "line": 171, "column": 63 },
            "end": { "line": 171, "column": 69 }
          }
        ],
        "line": 171
      },
      "4": {
        "loc": {
          "start": { "line": 174, "column": 6 },
          "end": { "line": 176, "column": 7 }
        },
        "type": "if",
        "locations": [
          {
            "start": { "line": 174, "column": 6 },
            "end": { "line": 176, "column": 7 }
          },
          { "start": {}, "end": {} }
        ],
        "line": 174
      },
      "5": {
        "loc": {
          "start": { "line": 243, "column": 4 },
          "end": { "line": 247, "column": 5 }
        },
        "type": "if",
        "locations": [
          {
            "start": { "line": 243, "column": 4 },
            "end": { "line": 247, "column": 5 }
          },
          {
            "start": { "line": 245, "column": 11 },
            "end": { "line": 247, "column": 5 }
          }
        ],
        "line": 243
      },
      "6": {
        "loc": {
          "start": { "line": 245, "column": 11 },
          "end": { "line": 247, "column": 5 }
        },
        "type": "if",
        "locations": [
          {
            "start": { "line": 245, "column": 11 },
            "end": { "line": 247, "column": 5 }
          },
          { "start": {}, "end": {} }
        ],
        "line": 245
      },
      "7": {
        "loc": {
          "start": { "line": 250, "column": 20 },
          "end": { "line": 250, "column": 40 }
        },
        "type": "binary-expr",
        "locations": [
          {
            "start": { "line": 250, "column": 20 },
            "end": { "line": 250, "column": 34 }
          },
          {
            "start": { "line": 250, "column": 38 },
            "end": { "line": 250, "column": 40 }
          }
        ],
        "line": 250
      },
      "8": {
        "loc": {
          "start": { "line": 371, "column": 2 },
          "end": { "line": 373, "column": 3 }
        },
        "type": "if",
        "locations": [
          {
            "start": { "line": 371, "column": 2 },
            "end": { "line": 373, "column": 3 }
          },
          { "start": {}, "end": {} }
        ],
        "line": 371
      },
      "9": {
        "loc": {
          "start": { "line": 375, "column": 2 },
          "end": { "line": 379, "column": 3 }
        },
        "type": "if",
        "locations": [
          {
            "start": { "line": 375, "column": 2 },
            "end": { "line": 379, "column": 3 }
          },
          { "start": {}, "end": {} }
        ],
        "line": 375
      },
      "10": {
        "loc": {
          "start": { "line": 375, "column": 6 },
          "end": { "line": 375, "column": 31 }
        },
        "type": "binary-expr",
        "locations": [
          {
            "start": { "line": 375, "column": 6 },
            "end": { "line": 375, "column": 14 }
          },
          {
            "start": { "line": 375, "column": 18 },
            "end": { "line": 375, "column": 31 }
          }
        ],
        "line": 375
      },
      "11": {
        "loc": {
          "start": { "line": 427, "column": 2 },
          "end": { "line": 431, "column": 3 }
        },
        "type": "if",
        "locations": [
          {
            "start": { "line": 427, "column": 2 },
            "end": { "line": 431, "column": 3 }
          },
          { "start": {}, "end": {} }
        ],
        "line": 427
      },
      "12": {
        "loc": {
          "start": { "line": 427, "column": 6 },
          "end": { "line": 427, "column": 28 }
        },
        "type": "binary-expr",
        "locations": [
          {
            "start": { "line": 427, "column": 6 },
            "end": { "line": 427, "column": 12 }
          },
          {
            "start": { "line": 427, "column": 16 },
            "end": { "line": 427, "column": 28 }
          }
        ],
        "line": 427
      },
      "13": {
        "loc": {
          "start": { "line": 470, "column": 2 },
          "end": { "line": 472, "column": 3 }
        },
        "type": "if",
        "locations": [
          {
            "start": { "line": 470, "column": 2 },
            "end": { "line": 472, "column": 3 }
          },
          { "start": {}, "end": {} }
        ],
        "line": 470
      },
      "14": {
        "loc": {
          "start": { "line": 510, "column": 4 },
          "end": { "line": 512, "column": 5 }
        },
        "type": "if",
        "locations": [
          {
            "start": { "line": 510, "column": 4 },
            "end": { "line": 512, "column": 5 }
          },
          { "start": {}, "end": {} }
        ],
        "line": 510
      },
      "15": {
        "loc": {
          "start": { "line": 515, "column": 22 },
          "end": { "line": 515, "column": 46 }
        },
        "type": "binary-expr",
        "locations": [
          {
            "start": { "line": 515, "column": 22 },
            "end": { "line": 515, "column": 40 }
          },
          {
            "start": { "line": 515, "column": 44 },
            "end": { "line": 515, "column": 46 }
          }
        ],
        "line": 515
      },
      "16": {
        "loc": {
          "start": { "line": 556, "column": 4 },
          "end": { "line": 558, "column": 5 }
        },
        "type": "if",
        "locations": [
          {
            "start": { "line": 556, "column": 4 },
            "end": { "line": 558, "column": 5 }
          },
          { "start": {}, "end": {} }
        ],
        "line": 556
      },
      "17": {
        "loc": {
          "start": { "line": 563, "column": 4 },
          "end": { "line": 565, "column": 5 }
        },
        "type": "if",
        "locations": [
          {
            "start": { "line": 563, "column": 4 },
            "end": { "line": 565, "column": 5 }
          },
          { "start": {}, "end": {} }
        ],
        "line": 563
      },
      "18": {
        "loc": {
          "start": { "line": 607, "column": 4 },
          "end": { "line": 609, "column": 5 }
        },
        "type": "if",
        "locations": [
          {
            "start": { "line": 607, "column": 4 },
            "end": { "line": 609, "column": 5 }
          },
          { "start": {}, "end": {} }
        ],
        "line": 607
      },
      "19": {
        "loc": {
          "start": { "line": 614, "column": 4 },
          "end": { "line": 616, "column": 5 }
        },
        "type": "if",
        "locations": [
          {
            "start": { "line": 614, "column": 4 },
            "end": { "line": 616, "column": 5 }
          },
          { "start": {}, "end": {} }
        ],
        "line": 614
      },
      "20": {
        "loc": {
          "start": { "line": 685, "column": 4 },
          "end": { "line": 687, "column": 5 }
        },
        "type": "if",
        "locations": [
          {
            "start": { "line": 685, "column": 4 },
            "end": { "line": 687, "column": 5 }
          },
          { "start": {}, "end": {} }
        ],
        "line": 685
      },
      "21": {
        "loc": {
          "start": { "line": 690, "column": 22 },
          "end": { "line": 690, "column": 46 }
        },
        "type": "binary-expr",
        "locations": [
          {
            "start": { "line": 690, "column": 22 },
            "end": { "line": 690, "column": 40 }
          },
          {
            "start": { "line": 690, "column": 44 },
            "end": { "line": 690, "column": 46 }
          }
        ],
        "line": 690
      },
      "22": {
        "loc": {
          "start": { "line": 695, "column": 20 },
          "end": { "line": 695, "column": 78 }
        },
        "type": "cond-expr",
        "locations": [
          {
            "start": { "line": 695, "column": 47 },
            "end": { "line": 695, "column": 66 }
          },
          {
            "start": { "line": 695, "column": 69 },
            "end": { "line": 695, "column": 78 }
          }
        ],
        "line": 695
      },
      "23": {
        "loc": {
          "start": { "line": 698, "column": 8 },
          "end": { "line": 699, "column": 62 }
        },
        "type": "binary-expr",
        "locations": [
          {
            "start": { "line": 698, "column": 8 },
            "end": { "line": 698, "column": 33 }
          },
          {
            "start": { "line": 699, "column": 8 },
            "end": { "line": 699, "column": 62 }
          }
        ],
        "line": 698
      },
      "24": {
        "loc": {
          "start": { "line": 704, "column": 4 },
          "end": { "line": 706, "column": 5 }
        },
        "type": "if",
        "locations": [
          {
            "start": { "line": 704, "column": 4 },
            "end": { "line": 706, "column": 5 }
          },
          { "start": {}, "end": {} }
        ],
        "line": 704
      },
      "25": {
        "loc": {
          "start": { "line": 711, "column": 13 },
          "end": { "line": 711, "column": 71 }
        },
        "type": "cond-expr",
        "locations": [
          {
            "start": { "line": 711, "column": 40 },
            "end": { "line": 711, "column": 59 }
          },
          {
            "start": { "line": 711, "column": 62 },
            "end": { "line": 711, "column": 71 }
          }
        ],
        "line": 711
      },
      "26": {
        "loc": {
          "start": { "line": 713, "column": 8 },
          "end": { "line": 715, "column": 14 }
        },
        "type": "cond-expr",
        "locations": [
          {
            "start": { "line": 714, "column": 12 },
            "end": { "line": 714, "column": 54 }
          },
          {
            "start": { "line": 715, "column": 12 },
            "end": { "line": 715, "column": 14 }
          }
        ],
        "line": 713
      },
      "27": {
        "loc": {
          "start": { "line": 758, "column": 4 },
          "end": { "line": 760, "column": 5 }
        },
        "type": "if",
        "locations": [
          {
            "start": { "line": 758, "column": 4 },
            "end": { "line": 760, "column": 5 }
          },
          { "start": {}, "end": {} }
        ],
        "line": 758
      },
      "28": {
        "loc": {
          "start": { "line": 933, "column": 4 },
          "end": { "line": 935, "column": 5 }
        },
        "type": "if",
        "locations": [
          {
            "start": { "line": 933, "column": 4 },
            "end": { "line": 935, "column": 5 }
          },
          { "start": {}, "end": {} }
        ],
        "line": 933
      },
      "29": {
        "loc": {
          "start": { "line": 987, "column": 4 },
          "end": { "line": 989, "column": 5 }
        },
        "type": "if",
        "locations": [
          {
            "start": { "line": 987, "column": 4 },
            "end": { "line": 989, "column": 5 }
          },
          { "start": {}, "end": {} }
        ],
        "line": 987
      },
      "30": {
        "loc": {
          "start": { "line": 1035, "column": 4 },
          "end": { "line": 1037, "column": 5 }
        },
        "type": "if",
        "locations": [
          {
            "start": { "line": 1035, "column": 4 },
            "end": { "line": 1037, "column": 5 }
          },
          { "start": {}, "end": {} }
        ],
        "line": 1035
      },
      "31": {
        "loc": {
          "start": { "line": 1089, "column": 4 },
          "end": { "line": 1091, "column": 5 }
        },
        "type": "if",
        "locations": [
          {
            "start": { "line": 1089, "column": 4 },
            "end": { "line": 1091, "column": 5 }
          },
          { "start": {}, "end": {} }
        ],
        "line": 1089
      },
      "32": {
        "loc": {
          "start": { "line": 1098, "column": 4 },
          "end": { "line": 1100, "column": 5 }
        },
        "type": "if",
        "locations": [
          {
            "start": { "line": 1098, "column": 4 },
            "end": { "line": 1100, "column": 5 }
          },
          { "start": {}, "end": {} }
        ],
        "line": 1098
      },
      "33": {
        "loc": {
          "start": { "line": 1164, "column": 4 },
          "end": { "line": 1166, "column": 5 }
        },
        "type": "if",
        "locations": [
          {
            "start": { "line": 1164, "column": 4 },
            "end": { "line": 1166, "column": 5 }
          },
          { "start": {}, "end": {} }
        ],
        "line": 1164
      },
      "34": {
        "loc": {
          "start": { "line": 1173, "column": 4 },
          "end": { "line": 1179, "column": 5 }
        },
        "type": "if",
        "locations": [
          {
            "start": { "line": 1173, "column": 4 },
            "end": { "line": 1179, "column": 5 }
          },
          {
            "start": { "line": 1177, "column": 11 },
            "end": { "line": 1179, "column": 5 }
          }
        ],
        "line": 1173
      },
      "35": {
        "loc": {
          "start": { "line": 1225, "column": 2 },
          "end": { "line": 1227, "column": 3 }
        },
        "type": "if",
        "locations": [
          {
            "start": { "line": 1225, "column": 2 },
            "end": { "line": 1227, "column": 3 }
          },
          { "start": {}, "end": {} }
        ],
        "line": 1225
      },
      "36": {
        "loc": {
          "start": { "line": 1225, "column": 6 },
          "end": { "line": 1225, "column": 23 }
        },
        "type": "binary-expr",
        "locations": [
          {
            "start": { "line": 1225, "column": 6 },
            "end": { "line": 1225, "column": 13 }
          },
          {
            "start": { "line": 1225, "column": 17 },
            "end": { "line": 1225, "column": 23 }
          }
        ],
        "line": 1225
      },
      "37": {
        "loc": {
          "start": { "line": 1230, "column": 2 },
          "end": { "line": 1236, "column": 3 }
        },
        "type": "if",
        "locations": [
          {
            "start": { "line": 1230, "column": 2 },
            "end": { "line": 1236, "column": 3 }
          },
          { "start": {}, "end": {} }
        ],
        "line": 1230
      },
      "38": {
        "loc": {
          "start": { "line": 1230, "column": 6 },
          "end": { "line": 1230, "column": 43 }
        },
        "type": "binary-expr",
        "locations": [
          {
            "start": { "line": 1230, "column": 6 },
            "end": { "line": 1230, "column": 23 }
          },
          {
            "start": { "line": 1230, "column": 27 },
            "end": { "line": 1230, "column": 43 }
          }
        ],
        "line": 1230
      },
      "39": {
        "loc": {
          "start": { "line": 1240, "column": 4 },
          "end": { "line": 1242, "column": 5 }
        },
        "type": "if",
        "locations": [
          {
            "start": { "line": 1240, "column": 4 },
            "end": { "line": 1242, "column": 5 }
          },
          { "start": {}, "end": {} }
        ],
        "line": 1240
      },
      "40": {
        "loc": {
          "start": { "line": 1298, "column": 4 },
          "end": { "line": 1300, "column": 5 }
        },
        "type": "if",
        "locations": [
          {
            "start": { "line": 1298, "column": 4 },
            "end": { "line": 1300, "column": 5 }
          },
          { "start": {}, "end": {} }
        ],
        "line": 1298
      },
      "41": {
        "loc": {
          "start": { "line": 1303, "column": 24 },
          "end": { "line": 1308, "column": 5 }
        },
        "type": "binary-expr",
        "locations": [
          {
            "start": { "line": 1303, "column": 24 },
            "end": { "line": 1303, "column": 44 }
          },
          {
            "start": { "line": 1303, "column": 48 },
            "end": { "line": 1308, "column": 5 }
          }
        ],
        "line": 1303
      },
      "42": {
        "loc": {
          "start": { "line": 1366, "column": 4 },
          "end": { "line": 1368, "column": 5 }
        },
        "type": "if",
        "locations": [
          {
            "start": { "line": 1366, "column": 4 },
            "end": { "line": 1368, "column": 5 }
          },
          { "start": {}, "end": {} }
        ],
        "line": 1366
      },
      "43": {
        "loc": {
          "start": { "line": 1371, "column": 24 },
          "end": { "line": 1371, "column": 56 }
        },
        "type": "binary-expr",
        "locations": [
          {
            "start": { "line": 1371, "column": 24 },
            "end": { "line": 1371, "column": 50 }
          },
          {
            "start": { "line": 1371, "column": 54 },
            "end": { "line": 1371, "column": 56 }
          }
        ],
        "line": 1371
      },
      "44": {
        "loc": {
          "start": { "line": 1375, "column": 14 },
          "end": { "line": 1375, "column": 64 }
        },
        "type": "cond-expr",
        "locations": [
          {
            "start": { "line": 1375, "column": 37 },
            "end": { "line": 1375, "column": 43 }
          },
          {
            "start": { "line": 1375, "column": 46 },
            "end": { "line": 1375, "column": 64 }
          }
        ],
        "line": 1375
      },
      "45": {
        "loc": {
          "start": { "line": 1376, "column": 16 },
          "end": { "line": 1376, "column": 72 }
        },
        "type": "cond-expr",
        "locations": [
          {
            "start": { "line": 1376, "column": 41 },
            "end": { "line": 1376, "column": 49 }
          },
          {
            "start": { "line": 1376, "column": 52 },
            "end": { "line": 1376, "column": 72 }
          }
        ],
        "line": 1376
      },
      "46": {
        "loc": {
          "start": { "line": 1377, "column": 16 },
          "end": { "line": 1377, "column": 72 }
        },
        "type": "cond-expr",
        "locations": [
          {
            "start": { "line": 1377, "column": 41 },
            "end": { "line": 1377, "column": 49 }
          },
          {
            "start": { "line": 1377, "column": 52 },
            "end": { "line": 1377, "column": 72 }
          }
        ],
        "line": 1377
      },
      "47": {
        "loc": {
          "start": { "line": 1378, "column": 17 },
          "end": { "line": 1378, "column": 76 }
        },
        "type": "cond-expr",
        "locations": [
          {
            "start": { "line": 1378, "column": 43 },
            "end": { "line": 1378, "column": 52 }
          },
          {
            "start": { "line": 1378, "column": 55 },
            "end": { "line": 1378, "column": 76 }
          }
        ],
        "line": 1378
      },
      "48": {
        "loc": {
          "start": { "line": 1379, "column": 15 },
          "end": { "line": 1379, "column": 68 }
        },
        "type": "cond-expr",
        "locations": [
          {
            "start": { "line": 1379, "column": 39 },
            "end": { "line": 1379, "column": 46 }
          },
          {
            "start": { "line": 1379, "column": 49 },
            "end": { "line": 1379, "column": 68 }
          }
        ],
        "line": 1379
      },
      "49": {
        "loc": {
          "start": { "line": 1439, "column": 4 },
          "end": { "line": 1445, "column": 5 }
        },
        "type": "if",
        "locations": [
          {
            "start": { "line": 1439, "column": 4 },
            "end": { "line": 1445, "column": 5 }
          },
          { "start": {}, "end": {} }
        ],
        "line": 1439
      },
      "50": {
        "loc": {
          "start": { "line": 1440, "column": 6 },
          "end": { "line": 1442, "column": 32 }
        },
        "type": "binary-expr",
        "locations": [
          {
            "start": { "line": 1440, "column": 6 },
            "end": { "line": 1440, "column": 19 }
          },
          {
            "start": { "line": 1441, "column": 6 },
            "end": { "line": 1441, "column": 38 }
          },
          {
            "start": { "line": 1442, "column": 6 },
            "end": { "line": 1442, "column": 32 }
          }
        ],
        "line": 1440
      },
      "51": {
        "loc": {
          "start": { "line": 1498, "column": 4 },
          "end": { "line": 1504, "column": 5 }
        },
        "type": "if",
        "locations": [
          {
            "start": { "line": 1498, "column": 4 },
            "end": { "line": 1504, "column": 5 }
          },
          { "start": {}, "end": {} }
        ],
        "line": 1498
      },
      "52": {
        "loc": {
          "start": { "line": 1499, "column": 6 },
          "end": { "line": 1501, "column": 32 }
        },
        "type": "binary-expr",
        "locations": [
          {
            "start": { "line": 1499, "column": 6 },
            "end": { "line": 1499, "column": 19 }
          },
          {
            "start": { "line": 1500, "column": 6 },
            "end": { "line": 1500, "column": 38 }
          },
          {
            "start": { "line": 1501, "column": 6 },
            "end": { "line": 1501, "column": 32 }
          }
        ],
        "line": 1499
      },
      "53": {
        "loc": {
          "start": { "line": 1558, "column": 4 },
          "end": { "line": 1569, "column": 5 }
        },
        "type": "if",
        "locations": [
          {
            "start": { "line": 1558, "column": 4 },
            "end": { "line": 1569, "column": 5 }
          },
          { "start": {}, "end": {} }
        ],
        "line": 1558
      },
      "54": {
        "loc": {
          "start": { "line": 1559, "column": 6 },
          "end": { "line": 1564, "column": 28 }
        },
        "type": "binary-expr",
        "locations": [
          {
            "start": { "line": 1559, "column": 6 },
            "end": { "line": 1559, "column": 19 }
          },
          {
            "start": { "line": 1560, "column": 6 },
            "end": { "line": 1560, "column": 38 }
          },
          {
            "start": { "line": 1561, "column": 6 },
            "end": { "line": 1561, "column": 32 }
          },
          {
            "start": { "line": 1562, "column": 6 },
            "end": { "line": 1562, "column": 15 }
          },
          {
            "start": { "line": 1563, "column": 6 },
            "end": { "line": 1563, "column": 34 }
          },
          {
            "start": { "line": 1564, "column": 6 },
            "end": { "line": 1564, "column": 28 }
          }
        ],
        "line": 1559
      },
      "55": {
        "loc": {
          "start": { "line": 1626, "column": 4 },
          "end": { "line": 1635, "column": 5 }
        },
        "type": "if",
        "locations": [
          {
            "start": { "line": 1626, "column": 4 },
            "end": { "line": 1635, "column": 5 }
          },
          { "start": {}, "end": {} }
        ],
        "line": 1626
      },
      "56": {
        "loc": {
          "start": { "line": 1627, "column": 6 },
          "end": { "line": 1632, "column": 25 }
        },
        "type": "binary-expr",
        "locations": [
          {
            "start": { "line": 1627, "column": 6 },
            "end": { "line": 1627, "column": 19 }
          },
          {
            "start": { "line": 1628, "column": 6 },
            "end": { "line": 1628, "column": 38 }
          },
          {
            "start": { "line": 1629, "column": 6 },
            "end": { "line": 1629, "column": 32 }
          },
          {
            "start": { "line": 1630, "column": 6 },
            "end": { "line": 1630, "column": 12 }
          },
          {
            "start": { "line": 1631, "column": 6 },
            "end": { "line": 1631, "column": 31 }
          },
          {
            "start": { "line": 1632, "column": 6 },
            "end": { "line": 1632, "column": 25 }
          }
        ],
        "line": 1627
      },
      "57": {
        "loc": {
          "start": { "line": 1685, "column": 4 },
          "end": { "line": 1691, "column": 5 }
        },
        "type": "if",
        "locations": [
          {
            "start": { "line": 1685, "column": 4 },
            "end": { "line": 1691, "column": 5 }
          },
          { "start": {}, "end": {} }
        ],
        "line": 1685
      },
      "58": {
        "loc": {
          "start": { "line": 1686, "column": 6 },
          "end": { "line": 1688, "column": 32 }
        },
        "type": "binary-expr",
        "locations": [
          {
            "start": { "line": 1686, "column": 6 },
            "end": { "line": 1686, "column": 19 }
          },
          {
            "start": { "line": 1687, "column": 6 },
            "end": { "line": 1687, "column": 38 }
          },
          {
            "start": { "line": 1688, "column": 6 },
            "end": { "line": 1688, "column": 32 }
          }
        ],
        "line": 1686
      },
      "59": {
        "loc": {
          "start": { "line": 1747, "column": 4 },
          "end": { "line": 1758, "column": 5 }
        },
        "type": "if",
        "locations": [
          {
            "start": { "line": 1747, "column": 4 },
            "end": { "line": 1758, "column": 5 }
          },
          { "start": {}, "end": {} }
        ],
        "line": 1747
      },
      "60": {
        "loc": {
          "start": { "line": 1748, "column": 6 },
          "end": { "line": 1753, "column": 42 }
        },
        "type": "binary-expr",
        "locations": [
          {
            "start": { "line": 1748, "column": 6 },
            "end": { "line": 1748, "column": 14 }
          },
          {
            "start": { "line": 1749, "column": 6 },
            "end": { "line": 1749, "column": 33 }
          },
          {
            "start": { "line": 1750, "column": 6 },
            "end": { "line": 1750, "column": 27 }
          },
          {
            "start": { "line": 1751, "column": 6 },
            "end": { "line": 1751, "column": 29 }
          },
          {
            "start": { "line": 1752, "column": 6 },
            "end": { "line": 1752, "column": 48 }
          },
          {
            "start": { "line": 1753, "column": 6 },
            "end": { "line": 1753, "column": 42 }
          }
        ],
        "line": 1748
      }
    },
    "s": {
      "0": 3,
      "1": 3,
      "2": 3,
      "3": 3,
      "4": 3,
      "5": 3,
      "6": 2,
      "7": 2,
      "8": 2,
      "9": 1,
      "10": 1,
      "11": 1,
      "12": 1,
      "13": 1,
      "14": 1,
      "15": 1,
      "16": 3,
      "17": 2,
      "18": 2,
      "19": 2,
      "20": 1,
      "21": 1,
      "22": 1,
      "23": 3,
      "24": 3,
      "25": 3,
      "26": 3,
      "27": 1,
      "28": 2,
      "29": 2,
      "30": 2,
      "31": 2,
      "32": 2,
      "33": 2,
      "34": 1,
      "35": 1,
      "36": 1,
      "37": 1,
      "38": 0,
      "39": 3,
      "40": 0,
      "41": 0,
      "42": 0,
      "43": 0,
      "44": 0,
      "45": 0,
      "46": 0,
      "47": 0,
      "48": 0,
      "49": 0,
      "50": 0,
      "51": 3,
      "52": 0,
      "53": 0,
      "54": 0,
      "55": 0,
      "56": 0,
      "57": 3,
      "58": 0,
      "59": 0,
      "60": 0,
      "61": 0,
      "62": 0,
      "63": 3,
      "64": 0,
      "65": 0,
      "66": 0,
      "67": 0,
      "68": 0,
      "69": 0,
      "70": 0,
      "71": 0,
      "72": 0,
      "73": 0,
      "74": 0,
      "75": 0,
      "76": 3,
      "77": 0,
      "78": 0,
      "79": 0,
      "80": 0,
      "81": 0,
      "82": 0,
      "83": 0,
      "84": 3,
      "85": 0,
      "86": 0,
      "87": 0,
      "88": 0,
      "89": 0,
      "90": 0,
      "91": 0,
      "92": 3,
      "93": 0,
      "94": 0,
      "95": 0,
      "96": 0,
      "97": 0,
      "98": 0,
      "99": 0,
      "100": 0,
      "101": 0,
      "102": 3,
      "103": 0,
      "104": 0,
      "105": 0,
      "106": 0,
      "107": 0,
      "108": 0,
      "109": 0,
      "110": 0,
      "111": 0,
      "112": 0,
      "113": 0,
      "114": 0,
      "115": 3,
      "116": 0,
      "117": 0,
      "118": 0,
      "119": 0,
      "120": 0,
      "121": 0,
      "122": 0,
      "123": 0,
      "124": 0,
      "125": 0,
      "126": 0,
      "127": 0,
      "128": 0,
      "129": 3,
      "130": 0,
      "131": 0,
      "132": 0,
      "133": 0,
      "134": 0,
      "135": 0,
      "136": 0,
      "137": 0,
      "138": 0,
      "139": 0,
      "140": 0,
      "141": 0,
      "142": 0,
      "143": 0,
      "144": 0,
      "145": 0,
      "146": 0,
      "147": 0,
      "148": 3,
      "149": 0,
      "150": 0,
      "151": 0,
      "152": 0,
      "153": 0,
      "154": 0,
      "155": 0,
      "156": 0,
      "157": 0,
      "158": 0,
      "159": 0,
      "160": 3,
      "161": 0,
      "162": 0,
      "163": 0,
      "164": 0,
      "165": 0,
      "166": 3,
      "167": 0,
      "168": 0,
      "169": 0,
      "170": 0,
      "171": 0,
      "172": 0,
      "173": 3,
      "174": 0,
      "175": 0,
      "176": 0,
      "177": 0,
      "178": 0,
      "179": 3,
      "180": 0,
      "181": 0,
      "182": 0,
      "183": 0,
      "184": 0,
      "185": 0,
      "186": 0,
      "187": 0,
      "188": 0,
      "189": 0,
      "190": 0,
      "191": 0,
      "192": 3,
      "193": 0,
      "194": 0,
      "195": 0,
      "196": 0,
      "197": 0,
      "198": 0,
      "199": 0,
      "200": 0,
      "201": 0,
      "202": 3,
      "203": 0,
      "204": 0,
      "205": 0,
      "206": 0,
      "207": 0,
      "208": 0,
      "209": 0,
      "210": 0,
      "211": 3,
      "212": 0,
      "213": 0,
      "214": 0,
      "215": 0,
      "216": 0,
      "217": 0,
      "218": 0,
      "219": 0,
      "220": 0,
      "221": 0,
      "222": 0,
      "223": 0,
      "224": 0,
      "225": 0,
      "226": 3,
      "227": 0,
      "228": 0,
      "229": 0,
      "230": 0,
      "231": 0,
      "232": 0,
      "233": 0,
      "234": 0,
      "235": 0,
      "236": 0,
      "237": 0,
      "238": 3,
      "239": 0,
      "240": 0,
      "241": 0,
      "242": 0,
      "243": 0,
      "244": 0,
      "245": 0,
      "246": 0,
      "247": 0,
      "248": 0,
      "249": 0,
      "250": 0,
      "251": 3,
      "252": 0,
      "253": 0,
      "254": 0,
      "255": 0,
      "256": 0,
      "257": 0,
      "258": 0,
      "259": 0,
      "260": 0,
      "261": 3,
      "262": 0,
      "263": 0,
      "264": 0,
      "265": 0,
      "266": 0,
      "267": 0,
      "268": 0,
      "269": 0,
      "270": 0,
      "271": 0,
      "272": 0,
      "273": 3,
      "274": 0,
      "275": 0,
      "276": 0,
      "277": 0,
      "278": 0,
      "279": 0,
      "280": 0,
      "281": 3,
      "282": 0,
      "283": 0,
      "284": 0,
      "285": 0,
      "286": 0,
      "287": 0,
      "288": 0,
      "289": 3,
      "290": 0,
      "291": 0,
      "292": 0,
      "293": 0,
      "294": 0,
      "295": 0,
      "296": 0,
      "297": 3,
      "298": 0,
      "299": 0,
      "300": 0,
      "301": 0,
      "302": 0,
      "303": 0,
      "304": 0,
      "305": 3,
      "306": 0,
      "307": 0,
      "308": 0,
      "309": 0,
      "310": 0,
      "311": 0,
      "312": 0,
      "313": 3,
      "314": 0,
      "315": 0,
      "316": 0,
      "317": 0,
      "318": 0,
      "319": 0,
      "320": 0
    },
    "f": {
      "0": 2,
      "1": 2,
      "2": 3,
      "3": 0,
      "4": 0,
      "5": 0,
      "6": 0,
      "7": 0,
      "8": 0,
      "9": 0,
      "10": 0,
      "11": 0,
      "12": 0,
      "13": 0,
      "14": 0,
      "15": 0,
      "16": 0,
      "17": 0,
      "18": 0,
      "19": 0,
      "20": 0,
      "21": 0,
      "22": 0,
      "23": 0,
      "24": 0,
      "25": 0,
      "26": 0,
      "27": 0,
      "28": 0,
      "29": 0,
      "30": 0,
      "31": 0,
      "32": 0,
      "33": 0,
      "34": 0,
      "35": 0,
      "36": 0,
      "37": 0
    },
    "b": {
      "0": [1, 2],
      "1": [3, 2],
      "2": [2, 0],
      "3": [2, 0],
      "4": [1, 1],
      "5": [0, 0],
      "6": [0, 0],
      "7": [0, 0],
      "8": [0, 0],
      "9": [0, 0],
      "10": [0, 0],
      "11": [0, 0],
      "12": [0, 0],
      "13": [0, 0],
      "14": [0, 0],
      "15": [0, 0],
      "16": [0, 0],
      "17": [0, 0],
      "18": [0, 0],
      "19": [0, 0],
      "20": [0, 0],
      "21": [0, 0],
      "22": [0, 0],
      "23": [0, 0],
      "24": [0, 0],
      "25": [0, 0],
      "26": [0, 0],
      "27": [0, 0],
      "28": [0, 0],
      "29": [0, 0],
      "30": [0, 0],
      "31": [0, 0],
      "32": [0, 0],
      "33": [0, 0],
      "34": [0, 0],
      "35": [0, 0],
      "36": [0, 0],
      "37": [0, 0],
      "38": [0, 0],
      "39": [0, 0],
      "40": [0, 0],
      "41": [0, 0],
      "42": [0, 0],
      "43": [0, 0],
      "44": [0, 0],
      "45": [0, 0],
      "46": [0, 0],
      "47": [0, 0],
      "48": [0, 0],
      "49": [0, 0],
      "50": [0, 0, 0],
      "51": [0, 0],
      "52": [0, 0, 0],
      "53": [0, 0],
      "54": [0, 0, 0, 0, 0, 0],
      "55": [0, 0],
      "56": [0, 0, 0, 0, 0, 0],
      "57": [0, 0],
      "58": [0, 0, 0],
      "59": [0, 0],
      "60": [0, 0, 0, 0, 0, 0]
    },
    "_coverageSchema": "1a1c01bbd47fc00a2c39e90264f33305004495a9",
    "hash": "350a467dcc4b8dc1a34a587bcb679e4d0e8145b6"
  }
}
