TN:
SF:controllers/controllers.js
FN:51,(anonymous_0)
FN:103,(anonymous_1)
FN:154,(anonymous_2)
FN:240,(anonymous_3)
FN:242,(anonymous_4)
FN:290,(anonymous_5)
FN:323,(anonymous_6)
FN:367,(anonymous_7)
FN:424,(anonymous_8)
FN:467,(anonymous_9)
FN:505,(anonymous_10)
FN:551,(anonymous_11)
FN:561,(anonymous_12)
FN:602,(anonymous_13)
FN:612,(anonymous_14)
FN:679,(anonymous_15)
FN:693,(anonymous_16)
FN:709,(anonymous_17)
FN:753,(anonymous_18)
FN:764,(anonymous_19)
FN:798,(anonymous_20)
FN:842,(anonymous_21)
FN:892,(anonymous_22)
FN:928,(anonymous_23)
FN:982,(anonymous_24)
FN:1030,(anonymous_25)
FN:1084,(anonymous_26)
FN:1095,(anonymous_27)
FN:1156,(anonymous_28)
FN:1222,(anonymous_29)
FN:1292,(anonymous_30)
FN:1359,(anonymous_31)
FN:1435,(anonymous_32)
FN:1494,(anonymous_33)
FN:1554,(anonymous_34)
FN:1622,(anonymous_35)
FN:1681,(anonymous_36)
FN:1742,(anonymous_37)
FNF:38
FNH:3
FNDA:2,(anonymous_0)
FNDA:2,(anonymous_1)
FNDA:3,(anonymous_2)
FNDA:0,(anonymous_3)
FNDA:0,(anonymous_4)
FNDA:0,(anonymous_5)
FNDA:0,(anonymous_6)
FNDA:0,(anonymous_7)
FNDA:0,(anonymous_8)
FNDA:0,(anonymous_9)
FNDA:0,(anonymous_10)
FNDA:0,(anonymous_11)
FNDA:0,(anonymous_12)
FNDA:0,(anonymous_13)
FNDA:0,(anonymous_14)
FNDA:0,(anonymous_15)
FNDA:0,(anonymous_16)
FNDA:0,(anonymous_17)
FNDA:0,(anonymous_18)
FNDA:0,(anonymous_19)
FNDA:0,(anonymous_20)
FNDA:0,(anonymous_21)
FNDA:0,(anonymous_22)
FNDA:0,(anonymous_23)
FNDA:0,(anonymous_24)
FNDA:0,(anonymous_25)
FNDA:0,(anonymous_26)
FNDA:0,(anonymous_27)
FNDA:0,(anonymous_28)
FNDA:0,(anonymous_29)
FNDA:0,(anonymous_30)
FNDA:0,(anonymous_31)
FNDA:0,(anonymous_32)
FNDA:0,(anonymous_33)
FNDA:0,(anonymous_34)
FNDA:0,(anonymous_35)
FNDA:0,(anonymous_36)
FNDA:0,(anonymous_37)
DA:18,3
DA:19,3
DA:20,3
DA:21,3
DA:22,3
DA:51,3
DA:52,2
DA:53,2
DA:54,2
DA:55,1
DA:57,1
DA:60,1
DA:66,1
DA:67,1
DA:71,1
DA:72,1
DA:103,3
DA:104,2
DA:105,2
DA:106,2
DA:107,1
DA:109,1
DA:114,1
DA:154,3
DA:155,3
DA:157,3
DA:158,3
DA:159,1
DA:167,2
DA:170,2
DA:171,2
DA:172,2
DA:173,2
DA:174,2
DA:175,1
DA:179,1
DA:182,1
DA:193,1
DA:198,0
DA:240,3
DA:241,0
DA:242,0
DA:243,0
DA:244,0
DA:245,0
DA:246,0
DA:250,0
DA:252,0
DA:254,0
DA:258,0
DA:262,0
DA:290,3
DA:291,0
DA:292,0
DA:293,0
DA:294,0
DA:296,0
DA:323,3
DA:324,0
DA:325,0
DA:326,0
DA:327,0
DA:331,0
DA:367,3
DA:368,0
DA:371,0
DA:372,0
DA:375,0
DA:376,0
DA:381,0
DA:382,0
DA:383,0
DA:384,0
DA:385,0
DA:387,0
DA:388,0
DA:424,3
DA:425,0
DA:427,0
DA:428,0
DA:433,0
DA:434,0
DA:435,0
DA:437,0
DA:467,3
DA:468,0
DA:470,0
DA:471,0
DA:474,0
DA:475,0
DA:476,0
DA:478,0
DA:505,3
DA:506,0
DA:508,0
DA:509,0
DA:510,0
DA:511,0
DA:514,0
DA:515,0
DA:516,0
DA:518,0
DA:551,3
DA:552,0
DA:554,0
DA:555,0
DA:556,0
DA:557,0
DA:560,0
DA:561,0
DA:563,0
DA:564,0
DA:567,0
DA:569,0
DA:602,3
DA:603,0
DA:605,0
DA:606,0
DA:607,0
DA:608,0
DA:611,0
DA:612,0
DA:614,0
DA:615,0
DA:618,0
DA:619,0
DA:625,0
DA:679,3
DA:680,0
DA:681,0
DA:683,0
DA:684,0
DA:685,0
DA:686,0
DA:689,0
DA:690,0
DA:693,0
DA:695,0
DA:698,0
DA:701,0
DA:704,0
DA:705,0
DA:709,0
DA:718,0
DA:720,0
DA:753,3
DA:754,0
DA:756,0
DA:757,0
DA:758,0
DA:759,0
DA:762,0
DA:763,0
DA:764,0
DA:767,0
DA:771,0
DA:773,0
DA:798,3
DA:799,0
DA:801,0
DA:802,0
DA:806,0
DA:808,0
DA:842,3
DA:843,0
DA:845,0
DA:847,0
DA:852,0
DA:854,0
DA:858,0
DA:892,3
DA:893,0
DA:895,0
DA:897,0
DA:899,0
DA:901,0
DA:928,3
DA:929,0
DA:931,0
DA:932,0
DA:933,0
DA:934,0
DA:937,0
DA:938,0
DA:939,0
DA:942,0
DA:943,0
DA:945,0
DA:949,0
DA:982,3
DA:983,0
DA:985,0
DA:986,0
DA:987,0
DA:988,0
DA:991,0
DA:992,0
DA:994,0
DA:998,0
DA:1030,3
DA:1031,0
DA:1033,0
DA:1034,0
DA:1035,0
DA:1036,0
DA:1039,0
DA:1040,0
DA:1044,0
DA:1084,3
DA:1085,0
DA:1087,0
DA:1088,0
DA:1089,0
DA:1090,0
DA:1093,0
DA:1094,0
DA:1095,0
DA:1098,0
DA:1099,0
DA:1103,0
DA:1106,0
DA:1110,0
DA:1112,0
DA:1156,3
DA:1157,0
DA:1159,0
DA:1161,0
DA:1164,0
DA:1165,0
DA:1169,0
DA:1170,0
DA:1173,0
DA:1174,0
DA:1178,0
DA:1181,0
DA:1222,3
DA:1223,0
DA:1225,0
DA:1226,0
DA:1230,0
DA:1231,0
DA:1238,0
DA:1239,0
DA:1240,0
DA:1241,0
DA:1245,0
DA:1247,0
DA:1249,0
DA:1292,3
DA:1293,0
DA:1295,0
DA:1296,0
DA:1298,0
DA:1299,0
DA:1302,0
DA:1303,0
DA:1310,0
DA:1314,0
DA:1359,3
DA:1360,0
DA:1362,0
DA:1363,0
DA:1364,0
DA:1366,0
DA:1367,0
DA:1371,0
DA:1374,0
DA:1383,0
DA:1385,0
DA:1387,0
DA:1435,3
DA:1436,0
DA:1437,0
DA:1439,0
DA:1444,0
DA:1447,0
DA:1449,0
DA:1454,0
DA:1494,3
DA:1495,0
DA:1496,0
DA:1498,0
DA:1503,0
DA:1506,0
DA:1508,0
DA:1510,0
DA:1554,3
DA:1555,0
DA:1556,0
DA:1558,0
DA:1566,0
DA:1571,0
DA:1576,0
DA:1578,0
DA:1622,3
DA:1623,0
DA:1624,0
DA:1626,0
DA:1634,0
DA:1637,0
DA:1639,0
DA:1641,0
DA:1681,3
DA:1682,0
DA:1683,0
DA:1685,0
DA:1690,0
DA:1694,0
DA:1696,0
DA:1698,0
DA:1742,3
DA:1743,0
DA:1744,0
DA:1747,0
DA:1755,0
DA:1761,0
DA:1763,0
DA:1765,0
LF:318
LH:66
BRDA:158,0,0,1
BRDA:158,0,1,2
BRDA:158,1,0,3
BRDA:158,1,1,2
BRDA:170,2,0,2
BRDA:170,2,1,0
BRDA:171,3,0,2
BRDA:171,3,1,0
BRDA:174,4,0,1
BRDA:174,4,1,1
BRDA:243,5,0,0
BRDA:243,5,1,0
BRDA:245,6,0,0
BRDA:245,6,1,0
BRDA:250,7,0,0
BRDA:250,7,1,0
BRDA:371,8,0,0
BRDA:371,8,1,0
BRDA:375,9,0,0
BRDA:375,9,1,0
BRDA:375,10,0,0
BRDA:375,10,1,0
BRDA:427,11,0,0
BRDA:427,11,1,0
BRDA:427,12,0,0
BRDA:427,12,1,0
BRDA:470,13,0,0
BRDA:470,13,1,0
BRDA:510,14,0,0
BRDA:510,14,1,0
BRDA:515,15,0,0
BRDA:515,15,1,0
BRDA:556,16,0,0
BRDA:556,16,1,0
BRDA:563,17,0,0
BRDA:563,17,1,0
BRDA:607,18,0,0
BRDA:607,18,1,0
BRDA:614,19,0,0
BRDA:614,19,1,0
BRDA:685,20,0,0
BRDA:685,20,1,0
BRDA:690,21,0,0
BRDA:690,21,1,0
BRDA:695,22,0,0
BRDA:695,22,1,0
BRDA:698,23,0,0
BRDA:698,23,1,0
BRDA:704,24,0,0
BRDA:704,24,1,0
BRDA:711,25,0,0
BRDA:711,25,1,0
BRDA:713,26,0,0
BRDA:713,26,1,0
BRDA:758,27,0,0
BRDA:758,27,1,0
BRDA:933,28,0,0
BRDA:933,28,1,0
BRDA:987,29,0,0
BRDA:987,29,1,0
BRDA:1035,30,0,0
BRDA:1035,30,1,0
BRDA:1089,31,0,0
BRDA:1089,31,1,0
BRDA:1098,32,0,0
BRDA:1098,32,1,0
BRDA:1164,33,0,0
BRDA:1164,33,1,0
BRDA:1173,34,0,0
BRDA:1173,34,1,0
BRDA:1225,35,0,0
BRDA:1225,35,1,0
BRDA:1225,36,0,0
BRDA:1225,36,1,0
BRDA:1230,37,0,0
BRDA:1230,37,1,0
BRDA:1230,38,0,0
BRDA:1230,38,1,0
BRDA:1240,39,0,0
BRDA:1240,39,1,0
BRDA:1298,40,0,0
BRDA:1298,40,1,0
BRDA:1303,41,0,0
BRDA:1303,41,1,0
BRDA:1366,42,0,0
BRDA:1366,42,1,0
BRDA:1371,43,0,0
BRDA:1371,43,1,0
BRDA:1375,44,0,0
BRDA:1375,44,1,0
BRDA:1376,45,0,0
BRDA:1376,45,1,0
BRDA:1377,46,0,0
BRDA:1377,46,1,0
BRDA:1378,47,0,0
BRDA:1378,47,1,0
BRDA:1379,48,0,0
BRDA:1379,48,1,0
BRDA:1439,49,0,0
BRDA:1439,49,1,0
BRDA:1440,50,0,0
BRDA:1440,50,1,0
BRDA:1440,50,2,0
BRDA:1498,51,0,0
BRDA:1498,51,1,0
BRDA:1499,52,0,0
BRDA:1499,52,1,0
BRDA:1499,52,2,0
BRDA:1558,53,0,0
BRDA:1558,53,1,0
BRDA:1559,54,0,0
BRDA:1559,54,1,0
BRDA:1559,54,2,0
BRDA:1559,54,3,0
BRDA:1559,54,4,0
BRDA:1559,54,5,0
BRDA:1626,55,0,0
BRDA:1626,55,1,0
BRDA:1627,56,0,0
BRDA:1627,56,1,0
BRDA:1627,56,2,0
BRDA:1627,56,3,0
BRDA:1627,56,4,0
BRDA:1627,56,5,0
BRDA:1685,57,0,0
BRDA:1685,57,1,0
BRDA:1686,58,0,0
BRDA:1686,58,1,0
BRDA:1686,58,2,0
BRDA:1747,59,0,0
BRDA:1747,59,1,0
BRDA:1748,60,0,0
BRDA:1748,60,1,0
BRDA:1748,60,2,0
BRDA:1748,60,3,0
BRDA:1748,60,4,0
BRDA:1748,60,5,0
BRF:137
BRH:8
end_of_record
